Alternative 1 Catch
     goa_wp 
Equil_Fabc 135281 
Year 
2016 177129 
2017 176831 
2018 125264 
2019 104168 
2020 84544 
2021 90463.8 
2022 98154.2 
2023 115693 
2024 126185 
2025 130576 
2026 130455 
2027 129111 
2028 126738 
2029 125892 

Alternative 1 ABCs
     goa_wp 

Year 
2016 194071 
2017 176831 
2018 125264 
2019 104168 
2020 84544 
2021 90463.8 
2022 98154.2 
2023 115693 
2024 126185 
2025 130576 
2026 130455 
2027 129111 
2028 126738 
2029 125892 

Alternative 1 TACs
     goa_wp 

Year 
2016  NA 
2017 176831 
2018 125264 
2019 104168 
2020 84544 
2021 90463.8 
2022 98154.2 
2023 115693 
2024 126185 
2025 130576 
2026 130455 
2027 129111 
2028 126738 
2029 125892 

Alternative 1 Sp_Biomass
     goa_wp 
Equil_Fabc 263288 
Year 
2016 354537 
2017 397851 
2018 367911 
2019 271999 
2020 214329 
2021 210396 
2022 234967 
2023 259096 
2024 277163 
2025 285086 
2026 287631 
2027 287871 
2028 286574 
2029 283732 

Alternative 1 Fishing Mortality
     goa_wp 
Equil_Fabc 0.26504 
Year 
2016 0.239832 
2017 0.26504 
2018 0.26504 
2019 0.26504 
2020 0.207106 
2021 0.189896 
2022 0.188193 
2023 0.19913 
2024 0.205253 
2025 0.20932 
2026 0.211315 
2027 0.211223 
2028 0.212402 
2029 0.213376 

Alternative 1 Biomass
     goa_wp 

Year 
2016 1.47244e+06 
2017 1.55921e+06 
2018 1.54635e+06 
2019 1.57427e+06 
2020 1.63537e+06 
2021 1.73119e+06 
2022 1.74594e+06 
2023 1.83209e+06 
2024 1.83458e+06 
2025 1.82329e+06 
2026 1.81431e+06 
2027 1.81032e+06 
2028 1.79542e+06 
2029 1.77987e+06 

Alternative 1 Implied SPR rate 
     goa_wp 
Equil_Fabc 0.4 
Year 
2016 0.430602 
2017 0.4 
2018 0.4 
2019 0.4 
2020 0.47769 
2021 0.508978 
2022 0.529278 
2023 0.511396 
2024 0.501421 
2025 0.491545 
2026 0.487357 
2027 0.488398 
2028 0.48584 
2029 0.483384 

  goa_wp 
EquilAvgAgeF0  2.20663 
EquilAvgAgeFabc  1.79477 
AvgAgeYr2029 34.2288 
Alternative 2 Catch
     goa_wp 
Equil_Fabc 135281 
Year 
2016 177129 
2017 176831 
2018 125264 
2019 104168 
2020 84544 
2021 90463.8 
2022 98154.2 
2023 115693 
2024 126185 
2025 130576 
2026 130455 
2027 129111 
2028 126738 
2029 125892 

Alternative 2 ABCs
     goa_wp 

Year 
2016 194.071 
2017 176.721 
2018 122.772 
2019 87.4315 
2020 45.537 
2021 28.5135 
2022  NA 
2023  NA 
2024 28.0103 
2025 39.6309 
2026 55.5869 
2027 71.1277 
2028 79.0978 
2029 84.0772 

Alternative 2 TACs
     goa_wp 

Year 
2016  NA 
2017 176831 
2018 125264 
2019 104168 
2020 84544 
2021 90463.8 
2022 98154.2 
2023 115693 
2024 126185 
2025 130576 
2026 130455 
2027 129111 
2028 126738 
2029 125892 

Alternative 2 Sp_Biomass
     goa_wp 
Equil_Fabc 263288 
Year 
2016 354537 
2017 397851 
2018 367911 
2019 271999 
2020 214329 
2021 210396 
2022 234967 
2023 259096 
2024 277163 
2025 285086 
2026 287631 
2027 287871 
2028 286574 
2029 283732 

Alternative 2 Fishing Mortality
     goa_wp 
Equil_Fabc 0.26504 
Year 
2016 0.239832 
2017 0.26504 
2018 0.26504 
2019 0.26504 
2020 0.207106 
2021 0.189896 
2022 0.188193 
2023 0.19913 
2024 0.205253 
2025 0.20932 
2026 0.211315 
2027 0.211223 
2028 0.212402 
2029 0.213376 

Alternative 2 Biomass
     goa_wp 

Year 
2016 1.47244e+06 
2017 1.55921e+06 
2018 1.54635e+06 
2019 1.57427e+06 
2020 1.63537e+06 
2021 1.73119e+06 
2022 1.74594e+06 
2023 1.83209e+06 
2024 1.83458e+06 
2025 1.82329e+06 
2026 1.81431e+06 
2027 1.81032e+06 
2028 1.79542e+06 
2029 1.77987e+06 

Alternative 2 Implied SPR rate 
     goa_wp 
Equil_Fabc 0.4 
Year 
2016 0.430602 
2017 0.4 
2018 0.4 
2019 0.4 
2020 0.47769 
2021 0.508978 
2022 0.529278 
2023 0.511396 
2024 0.501421 
2025 0.491545 
2026 0.487357 
2027 0.488398 
2028 0.48584 
2029 0.483384 

  goa_wp 
EquilAvgAgeF0  2.20663 
EquilAvgAgeFabc  1.79477 
AvgAgeYr2029 34.2288 
Alternative 3 Catch
     goa_wp 
Equil_Fabc 135281 
Year 
2016 177129 
2017 112683 
2018 87552.5 
2019 77411.6 
2020 75528.4 
2021 79851.5 
2022 79379.7 
2023 90787.7 
2024 99115.7 
2025 103753 
2026 103643 
2027 103238 
2028 101687 
2029 100738 

Alternative 3 ABCs
     goa_wp 

Year 
2016 194071 
2017 176831 
2018 137188 
2019 121876 
2020 115904 
2021 114856 
2022 115562 
2023 132993 
2024 145449 
2025 151625 
2026 152422 
2027 151892 
2028 149427 
2029 148619 

Alternative 3 TACs
     goa_wp 

Year 
2016  NA 
2017 112683 
2018 87552.5 
2019 77411.6 
2020 75528.4 
2021 79851.5 
2022 79379.7 
2023 90787.7 
2024 99115.7 
2025 103753 
2026 103643 
2027 103238 
2028 101687 
2029 100738 

Alternative 3 Sp_Biomass
     goa_wp 
Equil_Fabc 263288 
Year 
2016 354537 
2017 404949 
2018 408807 
2019 329412 
2020 272152 
2021 260575 
2022 283277 
2023 308769 
2024 331327 
2025 344921 
2026 352493 
2027 356252 
2028 357631 
2029 356160 

Alternative 3 Fishing Mortality
     goa_wp 
Equil_Fabc 0.26504 
Year 
2016 0.239832 
2017 0.161811 
2018 0.161811 
2019 0.161811 
2020 0.161811 
2021 0.161811 
2022 0.161811 
2023 0.161811 
2024 0.161811 
2025 0.161811 
2026 0.161811 
2027 0.161811 
2028 0.161811 
2029 0.161811 

Alternative 3 Biomass
     goa_wp 

Year 
2016 1.47244e+06 
2017 1.55921e+06 
2018 1.62026e+06 
2019 1.6821e+06 
2020 1.75195e+06 
2021 1.83343e+06 
2022 1.84094e+06 
2023 1.93018e+06 
2024 1.94296e+06 
2025 1.94309e+06 
2026 1.94336e+06 
2027 1.9466e+06 
2028 1.93608e+06 
2029 1.92287e+06 

Alternative 3 Implied SPR rate 
     goa_wp 
Equil_Fabc 0.4 
Year 
2016 0.430602 
2017 0.550153 
2018 0.550153 
2019 0.550153 
2020 0.550153 
2021 0.550153 
2022 0.550153 
2023 0.550153 
2024 0.550153 
2025 0.550153 
2026 0.550153 
2027 0.550153 
2028 0.550153 
2029 0.550153 

  goa_wp 
EquilAvgAgeF0  2.20663 
EquilAvgAgeFabc  1.79477 
AvgAgeYr2029 35.5857 
Alternative 4 Catch
     goa_wp 
Equil_Fabc 135281 
Year 
2016 177129 
2017 53231.2 
2018 44788.1 
2019 41963.5 
2020 41621.4 
2021 43536.7 
2022 41567.3 
2023 48154.1 
2024 53802 
2025 57320.1 
2026 57529.8 
2027 57588.2 
2028 56895 
2029 56324.9 

Alternative 4 ABCs
     goa_wp 

Year 
2016 194071 
2017 176831 
2018 148318 
2019 140009 
2020 139694 
2021 145171 
2022 137930 
2023 158379 
2024 176138 
2025 187326 
2026 188559 
2027 188934 
2028 186786 
2029 185212 

Alternative 4 TACs
     goa_wp 

Year 
2016  NA 
2017 53231.2 
2018 44788.1 
2019 41963.5 
2020 41621.4 
2021 43536.7 
2022 41567.3 
2023 48154.1 
2024 53802 
2025 57320.1 
2026 57529.8 
2027 57588.2 
2028 56895 
2029 56324.9 

Alternative 4 Sp_Biomass
     goa_wp 
Equil_Fabc 263288 
Year 
2016 354537 
2017 411122 
2018 447643 
2019 389052 
2020 339578 
2021 330926 
2022 360347 
2023 391623 
2024 422975 
2025 446349 
2026 462809 
2027 472872 
2028 479001 
2029 480288 

Alternative 4 Fishing Mortality
     goa_wp 
Equil_Fabc 0.26504 
Year 
2016 0.239832 
2017 0.0736464 
2018 0.0736464 
2019 0.0736464 
2020 0.0736464 
2021 0.0736464 
2022 0.0736464 
2023 0.0736464 
2024 0.0736464 
2025 0.0734991 
2026 0.0732781 
2027 0.0732781 
2028 0.0734254 
2029 0.0731309 

Alternative 4 Biomass
     goa_wp 

Year 
2016 1.47244e+06 
2017 1.55921e+06 
2018 1.68912e+06 
2019 1.79197e+06 
2020 1.88027e+06 
2021 1.9704e+06 
2022 1.99135e+06 
2023 2.09374e+06 
2024 2.12431e+06 
2025 2.14225e+06 
2026 2.15825e+06 
2027 2.17303e+06 
2028 2.1703e+06 
2029 2.16188e+06 

Alternative 4 Implied SPR rate 
     goa_wp 
Equil_Fabc 0.4 
Year 
2016 0.430602 
2017 0.75 
2018 0.75 
2019 0.75 
2020 0.75 
2021 0.75 
2022 0.75 
2023 0.75 
2024 0.75 
2025 0.7505 
2026 0.75125 
2027 0.75125 
2028 0.75075 
2029 0.75175 

  goa_wp 
EquilAvgAgeF0  2.20663 
EquilAvgAgeFabc  1.79477 
AvgAgeYr2029 37.6466 
Alternative 5 Catch
     goa_wp 
Equil_Fabc 135281 
Year 
2016 177129 
2017  NA 
2018  NA 
2019  NA 
2020  NA 
2021  NA 
2022  NA 
2023  NA 
2024  NA 
2025  NA 
2026  NA 
2027  NA 
2028  NA 
2029  NA 

Alternative 5 ABCs
     goa_wp 

Year 
2016 194071 
2017 176831 
2018 158341 
2019 157674 
2020 160972 
2021 168576 
2022 155897 
2023 180824 
2024 204683 
2025 221403 
2026 223739 
2027 225101 
2028 223112 
2029 221582 

Alternative 5 TACs
     goa_wp 

Year 
2016  NA 
2017  NA 
2018  NA 
2019  NA 
2020  NA 
2021  NA 
2022  NA 
2023  NA 
2024  NA 
2025  NA 
2026  NA 
2027  NA 
2028  NA 
2029  NA 

Alternative 5 Sp_Biomass
     goa_wp 
Equil_Fabc 263288 
Year 
2016 354537 
2017 416359 
2018 483137 
2019 447887 
2020 411092 
2021 409609 
2022 448467 
2023 485648 
2024 527073 
2025 563013 
2026 592055 
2027 611516 
2028 624968 
2029 631024 

Alternative 5 Fishing Mortality
     goa_wp 
Equil_Fabc 0.26504 
Year 
2016 0.239832 
2017  NA 
2018  NA 
2019  NA 
2020  NA 
2021  NA 
2022  NA 
2023  NA 
2024  NA 
2025  NA 
2026  NA 
2027  NA 
2028  NA 
2029  NA 

Alternative 5 Biomass
     goa_wp 

Year 
2016 1.47244e+06 
2017 1.55921e+06 
2018 1.75104e+06 
2019 1.8986e+06 
2020 2.01357e+06 
2021 2.11926e+06 
2022 2.15891e+06 
2023 2.27437e+06 
2024 2.32472e+06 
2025 2.36513e+06 
2026 2.40336e+06 
2027 2.43511e+06 
2028 2.44474e+06 
2029 2.44473e+06 

Alternative 5 Implied SPR rate 
     goa_wp 
Equil_Fabc 0.4 
Year 
2016 0.430602 
2017 1 
2018 1 
2019 1 
2020 1 
2021 1 
2022 1 
2023 1 
2024 1 
2025 1 
2026 1 
2027 1 
2028 1 
2029 1 

  goa_wp 
EquilAvgAgeF0  2.20663 
EquilAvgAgeFabc  1.79477 
AvgAgeYr2029 39.8219 
Alternative 6 Catch
     goa_wp 
Equil_Fabc 135281 
Year 
2016 177129 
2017 204796 
2018 139014 
2019 107540 
2020 86368.7 
2021 96165.5 
2022 108935 
2023 127838 
2024 138214 
2025 141212 
2026 140357 
2027 138649 
2028 135776 
2029 134553 

Alternative 6 ABCs
     goa_wp 

Year 
2016 194071 
2017 176831 
2018 120096 
2019 93138.3 
2020 74324.2 
2021 80917.3 
2022 90798.2 
2023 107610 
2024 116627 
2025 119443 
2026 118606 
2027 117163 
2028 114534 
2029 113709 

Alternative 6 TACs
     goa_wp 

Year 
2016  NA 
2017 204796 
2018 139014 
2019 107540 
2020 86368.7 
2021 96165.5 
2022 108935 
2023 127838 
2024 138214 
2025 141212 
2026 140357 
2027 138649 
2028 135776 
2029 134553 

Alternative 6 Sp_Biomass
     goa_wp 
Equil_Fabc 263288 
Year 
2016 354537 
2017 394598 
2018 350428 
2019 249921 
2020 195268 
2021 194145 
2022 218247 
2023 240114 
2024 255144 
2025 260254 
2026 261010 
2027 260358 
2028 258526 
2029 255710 

Alternative 6 Fishing Mortality
     goa_wp 
Equil_Fabc 0.26504 
Year 
2016 0.239832 
2017 0.313047 
2018 0.313047 
2019 0.295344 
2020 0.222984 
2021 0.208638 
2022 0.221889 
2023 0.234508 
2024 0.241057 
2025 0.242507 
2026 0.243361 
2027 0.243552 
2028 0.243988 
2029 0.243752 

Alternative 6 Biomass
     goa_wp 

Year 
2016 1.47244e+06 
2017 1.55921e+06 
2018 1.51428e+06 
2019 1.53069e+06 
2020 1.59639e+06 
2021 1.6982e+06 
2022 1.71286e+06 
2023 1.79323e+06 
2024 1.78888e+06 
2025 1.77183e+06 
2026 1.75965e+06 
2027 1.75403e+06 
2028 1.73844e+06 
2029 1.72303e+06 

Alternative 6 Implied SPR rate 
     goa_wp 
Equil_Fabc 0.4 
Year 
2016 0.430602 
2017 0.35 
2018 0.35 
2019 0.367378 
2020 0.456078 
2021 0.483036 
2022 0.467717 
2023 0.451305 
2024 0.44268 
2025 0.440599 
2026 0.439017 
2027 0.43885 
2028 0.438088 
2029 0.438167 

  goa_wp 
EquilAvgAgeF0  2.20663 
EquilAvgAgeFabc  1.79477 
AvgAgeYr2029 33.6592 
Alternative 7 Catch
     goa_wp 
Equil_Fabc 135281 
Year 
2016 177129 
2017 176831 
2018 125264 
2019 120891 
2020 93059.7 
2021 99046.7 
2022 109661 
2023 128016 
2024 138192 
2025 141155 
2026 140331 
2027 138642 
2028 135778 
2029 134556 

Alternative 7 ABCs
     goa_wp 

Year 
2016 194071 
2017 176831 
2018 125264 
2019 104168 
2020 80139.5 
2021 84839.5 
2022 91872.6 
2023 107856 
2024 116674 
2025 119473 
2026 118580 
2027 117155 
2028 114586 
2029 113711 

Alternative 7 TACs
     goa_wp 

Year 
2016  NA 
2017 204796 
2018 144990 
2019 120891 
2020 93059.7 
2021 99046.7 
2022 109661 
2023 128016 
2024 138192 
2025 141155 
2026 140331 
2027 138642 
2028 135778 
2029 134556 

Alternative 7 Sp_Biomass
     goa_wp 
Equil_Fabc 263288 
Year 
2016 354537 
2017 397851 
2018 367911 
2019 269705 
2020 205797 
2021 199747 
2022 221182 
2023 241667 
2024 255972 
2025 260724 
2026 261289 
2027 260526 
2028 258627 
2029 255769 

Alternative 7 Fishing Mortality
     goa_wp 
Equil_Fabc 0.26504 
Year 
2016 0.239832 
2017 0.26504 
2018 0.26504 
2019 0.313047 
2020 0.235054 
2021 0.214553 
2022 0.224681 
2023 0.235885 
2024 0.241745 
2025 0.24288 
2026 0.243575 
2027 0.243677 
2028 0.244062 
2029 0.243795 

Alternative 7 Biomass
     goa_wp 

Year 
2016 1.47244e+06 
2017 1.55921e+06 
2018 1.54635e+06 
2019 1.57427e+06 
2020 1.61789e+06 
2021 1.70804e+06 
2022 1.71722e+06 
2023 1.79532e+06 
2024 1.78992e+06 
2025 1.77242e+06 
2026 1.76002e+06 
2027 1.75426e+06 
2028 1.73859e+06 
2029 1.72311e+06 

Alternative 7 Implied SPR rate 
     goa_wp 
Equil_Fabc 0.4 
Year 
2016 0.430602 
2017 0.4 
2018 0.4 
2019 0.35 
2020 0.439405 
2021 0.473622 
2022 0.463141 
2023 0.449062 
2024 0.441561 
2025 0.439998 
2026 0.438682 
2027 0.438659 
2028 0.437976 
2029 0.438102 

  goa_wp 
EquilAvgAgeF0  2.20663 
EquilAvgAgeFabc  1.79477 
AvgAgeYr2029 33.7788 
