goa_wp 1 2016 Cabc 135281
goa_wp 1 2016 Cofl 146281
goa_wp 1 2016 CLCI 177129
goa_wp 1 2016 CUCI 177129
goa_wp 1 2016 CMedian 177129
goa_wp 1 2016 CMean 177129
goa_wp 1 2016 CStdn 1.19326e-09
goa_wp 1 2017 Cabc 135281
goa_wp 1 2017 Cofl 146281
goa_wp 1 2017 CLCI 176710
goa_wp 1 2017 CUCI 177229
goa_wp 1 2017 CMedian 176758
goa_wp 1 2017 CMean 176831
goa_wp 1 2017 CStdn 203.765
goa_wp 1 2018 Cabc 135281
goa_wp 1 2018 Cofl 146281
goa_wp 1 2018 CLCI 122563
goa_wp 1 2018 CUCI 134023
goa_wp 1 2018 CMedian 123668
goa_wp 1 2018 CMean 125264
goa_wp 1 2018 CStdn 4478
goa_wp 1 2019 Cabc 135281
goa_wp 1 2019 Cofl 146281
goa_wp 1 2019 CLCI 86078.4
goa_wp 1 2019 CUCI 157503
goa_wp 1 2019 CMedian 94534.4
goa_wp 1 2019 CMean 104168
goa_wp 1 2019 CStdn 27972.9
goa_wp 1 2020 Cabc 135281
goa_wp 1 2020 Cofl 146281
goa_wp 1 2020 CLCI 42676.4
goa_wp 1 2020 CUCI 202740
goa_wp 1 2020 CMedian 63034
goa_wp 1 2020 CMean 84544
goa_wp 1 2020 CStdn 58924.2
goa_wp 1 2021 Cabc 135281
goa_wp 1 2021 Cofl 146281
goa_wp 1 2021 CLCI 26235.1
goa_wp 1 2021 CUCI 254521
goa_wp 1 2021 CMedian 60283.5
goa_wp 1 2021 CMean 90463.8
goa_wp 1 2021 CStdn 79894.2
goa_wp 1 2022 Cabc 135281
goa_wp 1 2022 Cofl 146281
goa_wp 1 2022 CLCI 0
goa_wp 1 2022 CUCI 290398
goa_wp 1 2022 CMedian 68715.9
goa_wp 1 2022 CMean 98154.2
goa_wp 1 2022 CStdn 92139.8
goa_wp 1 2023 Cabc 135281
goa_wp 1 2023 Cofl 146281
goa_wp 1 2023 CLCI 0
goa_wp 1 2023 CUCI 312022
goa_wp 1 2023 CMedian 85537.2
goa_wp 1 2023 CMean 115693
goa_wp 1 2023 CStdn 100711
goa_wp 1 2024 Cabc 135281
goa_wp 1 2024 Cofl 146281
goa_wp 1 2024 CLCI 0
goa_wp 1 2024 CUCI 324806
goa_wp 1 2024 CMedian 97215.3
goa_wp 1 2024 CMean 126185
goa_wp 1 2024 CStdn 106178
goa_wp 1 2025 Cabc 135281
goa_wp 1 2025 Cofl 146281
goa_wp 1 2025 CLCI 0
goa_wp 1 2025 CUCI 335305
goa_wp 1 2025 CMedian 101893
goa_wp 1 2025 CMean 130576
goa_wp 1 2025 CStdn 106467
goa_wp 1 2026 Cabc 135281
goa_wp 1 2026 Cofl 146281
goa_wp 1 2026 CLCI 23934.9
goa_wp 1 2026 CUCI 335780
goa_wp 1 2026 CMedian 101154
goa_wp 1 2026 CMean 130455
goa_wp 1 2026 CStdn 105402
goa_wp 1 2027 Cabc 135281
goa_wp 1 2027 Cofl 146281
goa_wp 1 2027 CLCI 0
goa_wp 1 2027 CUCI 329157
goa_wp 1 2027 CMedian 104096
goa_wp 1 2027 CMean 129111
goa_wp 1 2027 CStdn 105406
goa_wp 1 2028 Cabc 135281
goa_wp 1 2028 Cofl 146281
goa_wp 1 2028 CLCI 21694.6
goa_wp 1 2028 CUCI 313329
goa_wp 1 2028 CMedian 101610
goa_wp 1 2028 CMean 126738
goa_wp 1 2028 CStdn 103737
goa_wp 1 2029 Cabc 135281
goa_wp 1 2029 Cofl 146281
goa_wp 1 2029 CLCI 24512.6
goa_wp 1 2029 CUCI 314555
goa_wp 1 2029 CMedian 99286.6
goa_wp 1 2029 CMean 125892
goa_wp 1 2029 CStdn 102970
goa_wp 1 2016 SSBF100 658221
goa_wp 1 2016 SSBFabc 263288
goa_wp 1 2016 SSBFofl 230377
goa_wp 1 2016 SSBLCI 354537
goa_wp 1 2016 SSBUCI 354537
goa_wp 1 2016 SSBMedian 354537
goa_wp 1 2016 SSBMean 354537
goa_wp 1 2017 SSBF100 658221
goa_wp 1 2017 SSBFabc 263288
goa_wp 1 2017 SSBFofl 230377
goa_wp 1 2017 SSBLCI 397851
goa_wp 1 2017 SSBUCI 397853
goa_wp 1 2017 SSBMedian 397851
goa_wp 1 2017 SSBMean 397851
goa_wp 1 2018 SSBF100 658221
goa_wp 1 2018 SSBFabc 263288
goa_wp 1 2018 SSBFofl 230377
goa_wp 1 2018 SSBLCI 367123
goa_wp 1 2018 SSBUCI 370520
goa_wp 1 2018 SSBMedian 367438
goa_wp 1 2018 SSBMean 367911
goa_wp 1 2019 SSBF100 658221
goa_wp 1 2019 SSBFabc 263288
goa_wp 1 2019 SSBFofl 230377
goa_wp 1 2019 SSBLCI 266540
goa_wp 1 2019 SSBUCI 288089
goa_wp 1 2019 SSBMedian 269093
goa_wp 1 2019 SSBMean 271999
goa_wp 1 2020 SSBF100 658221
goa_wp 1 2020 SSBFabc 263288
goa_wp 1 2020 SSBFofl 230377
goa_wp 1 2020 SSBLCI 185749
goa_wp 1 2020 SSBUCI 298093
goa_wp 1 2020 SSBMedian 199530
goa_wp 1 2020 SSBMean 214329
goa_wp 1 2021 SSBF100 658221
goa_wp 1 2021 SSBFabc 263288
goa_wp 1 2021 SSBFofl 230377
goa_wp 1 2021 SSBLCI 141734
goa_wp 1 2021 SSBUCI 388661
goa_wp 1 2021 SSBMedian 180559
goa_wp 1 2021 SSBMean 210396
goa_wp 1 2022 SSBF100 658221
goa_wp 1 2022 SSBFabc 263288
goa_wp 1 2022 SSBFofl 230377
goa_wp 1 2022 SSBLCI 128321
goa_wp 1 2022 SSBUCI 477298
goa_wp 1 2022 SSBMedian 194841
goa_wp 1 2022 SSBMean 234967
goa_wp 1 2023 SSBF100 658221
goa_wp 1 2023 SSBFabc 263288
goa_wp 1 2023 SSBFofl 230377
goa_wp 1 2023 SSBLCI 127472
goa_wp 1 2023 SSBUCI 561855
goa_wp 1 2023 SSBMedian 214207
goa_wp 1 2023 SSBMean 259096
goa_wp 1 2024 SSBF100 658221
goa_wp 1 2024 SSBFabc 263288
goa_wp 1 2024 SSBFofl 230377
goa_wp 1 2024 SSBLCI 130957
goa_wp 1 2024 SSBUCI 597791
goa_wp 1 2024 SSBMedian 227487
goa_wp 1 2024 SSBMean 277163
goa_wp 1 2025 SSBF100 658221
goa_wp 1 2025 SSBFabc 263288
goa_wp 1 2025 SSBFofl 230377
goa_wp 1 2025 SSBLCI 132140
goa_wp 1 2025 SSBUCI 607330
goa_wp 1 2025 SSBMedian 229942
goa_wp 1 2025 SSBMean 285086
goa_wp 1 2026 SSBF100 658221
goa_wp 1 2026 SSBFabc 263288
goa_wp 1 2026 SSBFofl 230377
goa_wp 1 2026 SSBLCI 132593
goa_wp 1 2026 SSBUCI 617961
goa_wp 1 2026 SSBMedian 231124
goa_wp 1 2026 SSBMean 287631
goa_wp 1 2027 SSBF100 658221
goa_wp 1 2027 SSBFabc 263288
goa_wp 1 2027 SSBFofl 230377
goa_wp 1 2027 SSBLCI 133669
goa_wp 1 2027 SSBUCI 617984
goa_wp 1 2027 SSBMedian 232287
goa_wp 1 2027 SSBMean 287871
goa_wp 1 2028 SSBF100 658221
goa_wp 1 2028 SSBFabc 263288
goa_wp 1 2028 SSBFofl 230377
goa_wp 1 2028 SSBLCI 133473
goa_wp 1 2028 SSBUCI 614814
goa_wp 1 2028 SSBMedian 235489
goa_wp 1 2028 SSBMean 286574
goa_wp 1 2029 SSBF100 658221
goa_wp 1 2029 SSBFabc 263288
goa_wp 1 2029 SSBFofl 230377
goa_wp 1 2029 SSBLCI 133688
goa_wp 1 2029 SSBUCI 597316
goa_wp 1 2029 SSBMedian 238813
goa_wp 1 2029 SSBMean 283732
goa_wp 1 2016 F0 0 
goa_wp 1 2016 Fabc 0.26504
goa_wp 1 2016 Fofl 0.313047
goa_wp 1 2016  F_LCI 0.239832
goa_wp 1 2016  F_UCI 0.239832
goa_wp 1 2016  F_Median 0.239832
goa_wp 1 2016  F_Mean 0.239832
goa_wp 1 2017 F0 0 
goa_wp 1 2017 Fabc 0.26504
goa_wp 1 2017 Fofl 0.313047
goa_wp 1 2017  F_LCI 0.26504
goa_wp 1 2017  F_UCI 0.26504
goa_wp 1 2017  F_Median 0.26504
goa_wp 1 2017  F_Mean 0.26504
goa_wp 1 2018 F0 0 
goa_wp 1 2018 Fabc 0.26504
goa_wp 1 2018 Fofl 0.313047
goa_wp 1 2018  F_LCI 0.26504
goa_wp 1 2018  F_UCI 0.26504
goa_wp 1 2018  F_Median 0.26504
goa_wp 1 2018  F_Mean 0.26504
goa_wp 1 2019 F0 0 
goa_wp 1 2019 Fabc 0.26504
goa_wp 1 2019 Fofl 0.313047
goa_wp 1 2019  F_LCI 0.26504
goa_wp 1 2019  F_UCI 0.26504
goa_wp 1 2019  F_Median 0.26504
goa_wp 1 2019  F_Mean 0.26504
goa_wp 1 2020 F0 0 
goa_wp 1 2020 Fabc 0.26504
goa_wp 1 2020 Fofl 0.313047
goa_wp 1 2020  F_LCI 0.182874
goa_wp 1 2020  F_UCI 0.26504
goa_wp 1 2020  F_Median 0.197477
goa_wp 1 2020  F_Mean 0.207106
goa_wp 1 2021 F0 0 
goa_wp 1 2021 Fabc 0.26504
goa_wp 1 2021 Fofl 0.313047
goa_wp 1 2021  F_LCI 0.136236
goa_wp 1 2021  F_UCI 0.26504
goa_wp 1 2021  F_Median 0.177375
goa_wp 1 2021  F_Mean 0.189896
goa_wp 1 2022 F0 0 
goa_wp 1 2022 Fabc 0.26504
goa_wp 1 2022 Fofl 0.313047
goa_wp 1 2022  F_LCI 0
goa_wp 1 2022  F_UCI 0.26504
goa_wp 1 2022  F_Median 0.192509
goa_wp 1 2022  F_Mean 0.188193
goa_wp 1 2023 F0 0 
goa_wp 1 2023 Fabc 0.26504
goa_wp 1 2023 Fofl 0.313047
goa_wp 1 2023  F_LCI 0
goa_wp 1 2023  F_UCI 0.26504
goa_wp 1 2023  F_Median 0.21303
goa_wp 1 2023  F_Mean 0.19913
goa_wp 1 2024 F0 0 
goa_wp 1 2024 Fabc 0.26504
goa_wp 1 2024 Fofl 0.313047
goa_wp 1 2024  F_LCI 0
goa_wp 1 2024  F_UCI 0.26504
goa_wp 1 2024  F_Median 0.227102
goa_wp 1 2024  F_Mean 0.205253
goa_wp 1 2025 F0 0 
goa_wp 1 2025 Fabc 0.26504
goa_wp 1 2025 Fofl 0.313047
goa_wp 1 2025  F_LCI 0
goa_wp 1 2025  F_UCI 0.26504
goa_wp 1 2025  F_Median 0.229703
goa_wp 1 2025  F_Mean 0.20932
goa_wp 1 2026 F0 0 
goa_wp 1 2026 Fabc 0.26504
goa_wp 1 2026 Fofl 0.313047
goa_wp 1 2026  F_LCI 0.126016
goa_wp 1 2026  F_UCI 0.26504
goa_wp 1 2026  F_Median 0.230957
goa_wp 1 2026  F_Mean 0.211315
goa_wp 1 2027 F0 0 
goa_wp 1 2027 Fabc 0.26504
goa_wp 1 2027 Fofl 0.313047
goa_wp 1 2027  F_LCI 0
goa_wp 1 2027  F_UCI 0.26504
goa_wp 1 2027  F_Median 0.232187
goa_wp 1 2027  F_Mean 0.211223
goa_wp 1 2028 F0 0 
goa_wp 1 2028 Fabc 0.26504
goa_wp 1 2028 Fofl 0.313047
goa_wp 1 2028  F_LCI 0.126701
goa_wp 1 2028  F_UCI 0.26504
goa_wp 1 2028  F_Median 0.235582
goa_wp 1 2028  F_Mean 0.212402
goa_wp 1 2029 F0 0 
goa_wp 1 2029 Fabc 0.26504
goa_wp 1 2029 Fofl 0.313047
goa_wp 1 2029  F_LCI 0.127318
goa_wp 1 2029  F_UCI 0.26504
goa_wp 1 2029  F_Median 0.239103
goa_wp 1 2029  F_Mean 0.213376
goa_wp 2 2016 Cabc 135281
goa_wp 2 2016 Cofl 146281
goa_wp 2 2016 CLCI 177129
goa_wp 2 2016 CUCI 177129
goa_wp 2 2016 CMedian 177129
goa_wp 2 2016 CMean 177129
goa_wp 2 2016 CStdn 1.19326e-09
goa_wp 2 2017 Cabc 135281
goa_wp 2 2017 Cofl 146281
goa_wp 2 2017 CLCI 176710
goa_wp 2 2017 CUCI 177229
goa_wp 2 2017 CMedian 176758
goa_wp 2 2017 CMean 176831
goa_wp 2 2017 CStdn 203.765
goa_wp 2 2018 Cabc 135281
goa_wp 2 2018 Cofl 146281
goa_wp 2 2018 CLCI 122563
goa_wp 2 2018 CUCI 134023
goa_wp 2 2018 CMedian 123668
goa_wp 2 2018 CMean 125264
goa_wp 2 2018 CStdn 4478
goa_wp 2 2019 Cabc 135281
goa_wp 2 2019 Cofl 146281
goa_wp 2 2019 CLCI 86078.4
goa_wp 2 2019 CUCI 157503
goa_wp 2 2019 CMedian 94534.4
goa_wp 2 2019 CMean 104168
goa_wp 2 2019 CStdn 27972.9
goa_wp 2 2020 Cabc 135281
goa_wp 2 2020 Cofl 146281
goa_wp 2 2020 CLCI 42676.4
goa_wp 2 2020 CUCI 202740
goa_wp 2 2020 CMedian 63034
goa_wp 2 2020 CMean 84544
goa_wp 2 2020 CStdn 58924.2
goa_wp 2 2021 Cabc 135281
goa_wp 2 2021 Cofl 146281
goa_wp 2 2021 CLCI 26235.1
goa_wp 2 2021 CUCI 254521
goa_wp 2 2021 CMedian 60283.5
goa_wp 2 2021 CMean 90463.8
goa_wp 2 2021 CStdn 79894.2
goa_wp 2 2022 Cabc 135281
goa_wp 2 2022 Cofl 146281
goa_wp 2 2022 CLCI 0
goa_wp 2 2022 CUCI 290398
goa_wp 2 2022 CMedian 68715.9
goa_wp 2 2022 CMean 98154.2
goa_wp 2 2022 CStdn 92139.8
goa_wp 2 2023 Cabc 135281
goa_wp 2 2023 Cofl 146281
goa_wp 2 2023 CLCI 0
goa_wp 2 2023 CUCI 312022
goa_wp 2 2023 CMedian 85537.2
goa_wp 2 2023 CMean 115693
goa_wp 2 2023 CStdn 100711
goa_wp 2 2024 Cabc 135281
goa_wp 2 2024 Cofl 146281
goa_wp 2 2024 CLCI 0
goa_wp 2 2024 CUCI 324806
goa_wp 2 2024 CMedian 97215.3
goa_wp 2 2024 CMean 126185
goa_wp 2 2024 CStdn 106178
goa_wp 2 2025 Cabc 135281
goa_wp 2 2025 Cofl 146281
goa_wp 2 2025 CLCI 0
goa_wp 2 2025 CUCI 335305
goa_wp 2 2025 CMedian 101893
goa_wp 2 2025 CMean 130576
goa_wp 2 2025 CStdn 106467
goa_wp 2 2026 Cabc 135281
goa_wp 2 2026 Cofl 146281
goa_wp 2 2026 CLCI 23934.9
goa_wp 2 2026 CUCI 335780
goa_wp 2 2026 CMedian 101154
goa_wp 2 2026 CMean 130455
goa_wp 2 2026 CStdn 105402
goa_wp 2 2027 Cabc 135281
goa_wp 2 2027 Cofl 146281
goa_wp 2 2027 CLCI 0
goa_wp 2 2027 CUCI 329157
goa_wp 2 2027 CMedian 104096
goa_wp 2 2027 CMean 129111
goa_wp 2 2027 CStdn 105406
goa_wp 2 2028 Cabc 135281
goa_wp 2 2028 Cofl 146281
goa_wp 2 2028 CLCI 21694.6
goa_wp 2 2028 CUCI 313329
goa_wp 2 2028 CMedian 101610
goa_wp 2 2028 CMean 126738
goa_wp 2 2028 CStdn 103737
goa_wp 2 2029 Cabc 135281
goa_wp 2 2029 Cofl 146281
goa_wp 2 2029 CLCI 24512.6
goa_wp 2 2029 CUCI 314555
goa_wp 2 2029 CMedian 99286.6
goa_wp 2 2029 CMean 125892
goa_wp 2 2029 CStdn 102970
goa_wp 2 2016 SSBF100 658221
goa_wp 2 2016 SSBFabc 263288
goa_wp 2 2016 SSBFofl 230377
goa_wp 2 2016 SSBLCI 354537
goa_wp 2 2016 SSBUCI 354537
goa_wp 2 2016 SSBMedian 354537
goa_wp 2 2016 SSBMean 354537
goa_wp 2 2017 SSBF100 658221
goa_wp 2 2017 SSBFabc 263288
goa_wp 2 2017 SSBFofl 230377
goa_wp 2 2017 SSBLCI 397851
goa_wp 2 2017 SSBUCI 397853
goa_wp 2 2017 SSBMedian 397851
goa_wp 2 2017 SSBMean 397851
goa_wp 2 2018 SSBF100 658221
goa_wp 2 2018 SSBFabc 263288
goa_wp 2 2018 SSBFofl 230377
goa_wp 2 2018 SSBLCI 367123
goa_wp 2 2018 SSBUCI 370520
goa_wp 2 2018 SSBMedian 367438
goa_wp 2 2018 SSBMean 367911
goa_wp 2 2019 SSBF100 658221
goa_wp 2 2019 SSBFabc 263288
goa_wp 2 2019 SSBFofl 230377
goa_wp 2 2019 SSBLCI 266540
goa_wp 2 2019 SSBUCI 288089
goa_wp 2 2019 SSBMedian 269093
goa_wp 2 2019 SSBMean 271999
goa_wp 2 2020 SSBF100 658221
goa_wp 2 2020 SSBFabc 263288
goa_wp 2 2020 SSBFofl 230377
goa_wp 2 2020 SSBLCI 185749
goa_wp 2 2020 SSBUCI 298093
goa_wp 2 2020 SSBMedian 199530
goa_wp 2 2020 SSBMean 214329
goa_wp 2 2021 SSBF100 658221
goa_wp 2 2021 SSBFabc 263288
goa_wp 2 2021 SSBFofl 230377
goa_wp 2 2021 SSBLCI 141734
goa_wp 2 2021 SSBUCI 388661
goa_wp 2 2021 SSBMedian 180559
goa_wp 2 2021 SSBMean 210396
goa_wp 2 2022 SSBF100 658221
goa_wp 2 2022 SSBFabc 263288
goa_wp 2 2022 SSBFofl 230377
goa_wp 2 2022 SSBLCI 128321
goa_wp 2 2022 SSBUCI 477298
goa_wp 2 2022 SSBMedian 194841
goa_wp 2 2022 SSBMean 234967
goa_wp 2 2023 SSBF100 658221
goa_wp 2 2023 SSBFabc 263288
goa_wp 2 2023 SSBFofl 230377
goa_wp 2 2023 SSBLCI 127472
goa_wp 2 2023 SSBUCI 561855
goa_wp 2 2023 SSBMedian 214207
goa_wp 2 2023 SSBMean 259096
goa_wp 2 2024 SSBF100 658221
goa_wp 2 2024 SSBFabc 263288
goa_wp 2 2024 SSBFofl 230377
goa_wp 2 2024 SSBLCI 130957
goa_wp 2 2024 SSBUCI 597791
goa_wp 2 2024 SSBMedian 227487
goa_wp 2 2024 SSBMean 277163
goa_wp 2 2025 SSBF100 658221
goa_wp 2 2025 SSBFabc 263288
goa_wp 2 2025 SSBFofl 230377
goa_wp 2 2025 SSBLCI 132140
goa_wp 2 2025 SSBUCI 607330
goa_wp 2 2025 SSBMedian 229942
goa_wp 2 2025 SSBMean 285086
goa_wp 2 2026 SSBF100 658221
goa_wp 2 2026 SSBFabc 263288
goa_wp 2 2026 SSBFofl 230377
goa_wp 2 2026 SSBLCI 132593
goa_wp 2 2026 SSBUCI 617961
goa_wp 2 2026 SSBMedian 231124
goa_wp 2 2026 SSBMean 287631
goa_wp 2 2027 SSBF100 658221
goa_wp 2 2027 SSBFabc 263288
goa_wp 2 2027 SSBFofl 230377
goa_wp 2 2027 SSBLCI 133669
goa_wp 2 2027 SSBUCI 617984
goa_wp 2 2027 SSBMedian 232287
goa_wp 2 2027 SSBMean 287871
goa_wp 2 2028 SSBF100 658221
goa_wp 2 2028 SSBFabc 263288
goa_wp 2 2028 SSBFofl 230377
goa_wp 2 2028 SSBLCI 133473
goa_wp 2 2028 SSBUCI 614814
goa_wp 2 2028 SSBMedian 235489
goa_wp 2 2028 SSBMean 286574
goa_wp 2 2029 SSBF100 658221
goa_wp 2 2029 SSBFabc 263288
goa_wp 2 2029 SSBFofl 230377
goa_wp 2 2029 SSBLCI 133688
goa_wp 2 2029 SSBUCI 597316
goa_wp 2 2029 SSBMedian 238813
goa_wp 2 2029 SSBMean 283732
goa_wp 2 2016 F0 0 
goa_wp 2 2016 Fabc 0.26504
goa_wp 2 2016 Fofl 0.313047
goa_wp 2 2016  F_LCI 0.239832
goa_wp 2 2016  F_UCI 0.239832
goa_wp 2 2016  F_Median 0.239832
goa_wp 2 2016  F_Mean 0.239832
goa_wp 2 2017 F0 0 
goa_wp 2 2017 Fabc 0.26504
goa_wp 2 2017 Fofl 0.313047
goa_wp 2 2017  F_LCI 0.26504
goa_wp 2 2017  F_UCI 0.26504
goa_wp 2 2017  F_Median 0.26504
goa_wp 2 2017  F_Mean 0.26504
goa_wp 2 2018 F0 0 
goa_wp 2 2018 Fabc 0.26504
goa_wp 2 2018 Fofl 0.313047
goa_wp 2 2018  F_LCI 0.26504
goa_wp 2 2018  F_UCI 0.26504
goa_wp 2 2018  F_Median 0.26504
goa_wp 2 2018  F_Mean 0.26504
goa_wp 2 2019 F0 0 
goa_wp 2 2019 Fabc 0.26504
goa_wp 2 2019 Fofl 0.313047
goa_wp 2 2019  F_LCI 0.26504
goa_wp 2 2019  F_UCI 0.26504
goa_wp 2 2019  F_Median 0.26504
goa_wp 2 2019  F_Mean 0.26504
goa_wp 2 2020 F0 0 
goa_wp 2 2020 Fabc 0.26504
goa_wp 2 2020 Fofl 0.313047
goa_wp 2 2020  F_LCI 0.182874
goa_wp 2 2020  F_UCI 0.26504
goa_wp 2 2020  F_Median 0.197477
goa_wp 2 2020  F_Mean 0.207106
goa_wp 2 2021 F0 0 
goa_wp 2 2021 Fabc 0.26504
goa_wp 2 2021 Fofl 0.313047
goa_wp 2 2021  F_LCI 0.136236
goa_wp 2 2021  F_UCI 0.26504
goa_wp 2 2021  F_Median 0.177375
goa_wp 2 2021  F_Mean 0.189896
goa_wp 2 2022 F0 0 
goa_wp 2 2022 Fabc 0.26504
goa_wp 2 2022 Fofl 0.313047
goa_wp 2 2022  F_LCI 0
goa_wp 2 2022  F_UCI 0.26504
goa_wp 2 2022  F_Median 0.192509
goa_wp 2 2022  F_Mean 0.188193
goa_wp 2 2023 F0 0 
goa_wp 2 2023 Fabc 0.26504
goa_wp 2 2023 Fofl 0.313047
goa_wp 2 2023  F_LCI 0
goa_wp 2 2023  F_UCI 0.26504
goa_wp 2 2023  F_Median 0.21303
goa_wp 2 2023  F_Mean 0.19913
goa_wp 2 2024 F0 0 
goa_wp 2 2024 Fabc 0.26504
goa_wp 2 2024 Fofl 0.313047
goa_wp 2 2024  F_LCI 0
goa_wp 2 2024  F_UCI 0.26504
goa_wp 2 2024  F_Median 0.227102
goa_wp 2 2024  F_Mean 0.205253
goa_wp 2 2025 F0 0 
goa_wp 2 2025 Fabc 0.26504
goa_wp 2 2025 Fofl 0.313047
goa_wp 2 2025  F_LCI 0
goa_wp 2 2025  F_UCI 0.26504
goa_wp 2 2025  F_Median 0.229703
goa_wp 2 2025  F_Mean 0.20932
goa_wp 2 2026 F0 0 
goa_wp 2 2026 Fabc 0.26504
goa_wp 2 2026 Fofl 0.313047
goa_wp 2 2026  F_LCI 0.126016
goa_wp 2 2026  F_UCI 0.26504
goa_wp 2 2026  F_Median 0.230957
goa_wp 2 2026  F_Mean 0.211315
goa_wp 2 2027 F0 0 
goa_wp 2 2027 Fabc 0.26504
goa_wp 2 2027 Fofl 0.313047
goa_wp 2 2027  F_LCI 0
goa_wp 2 2027  F_UCI 0.26504
goa_wp 2 2027  F_Median 0.232187
goa_wp 2 2027  F_Mean 0.211223
goa_wp 2 2028 F0 0 
goa_wp 2 2028 Fabc 0.26504
goa_wp 2 2028 Fofl 0.313047
goa_wp 2 2028  F_LCI 0.126701
goa_wp 2 2028  F_UCI 0.26504
goa_wp 2 2028  F_Median 0.235582
goa_wp 2 2028  F_Mean 0.212402
goa_wp 2 2029 F0 0 
goa_wp 2 2029 Fabc 0.26504
goa_wp 2 2029 Fofl 0.313047
goa_wp 2 2029  F_LCI 0.127318
goa_wp 2 2029  F_UCI 0.26504
goa_wp 2 2029  F_Median 0.239103
goa_wp 2 2029  F_Mean 0.213376
goa_wp 3 2016 Cabc 135281
goa_wp 3 2016 Cofl 146281
goa_wp 3 2016 CLCI 177129
goa_wp 3 2016 CUCI 177129
goa_wp 3 2016 CMedian 177129
goa_wp 3 2016 CMean 177129
goa_wp 3 2016 CStdn 1.19326e-09
goa_wp 3 2017 Cabc 135281
goa_wp 3 2017 Cofl 146281
goa_wp 3 2017 CLCI 112610
goa_wp 3 2017 CUCI 112926
goa_wp 3 2017 CMedian 112639
goa_wp 3 2017 CMean 112683
goa_wp 3 2017 CStdn 124.408
goa_wp 3 2018 Cabc 135281
goa_wp 3 2018 Cofl 146281
goa_wp 3 2018 CLCI 85901.2
goa_wp 3 2018 CUCI 92907.3
goa_wp 3 2018 CMedian 86576.8
goa_wp 3 2018 CMean 87552.5
goa_wp 3 2018 CStdn 2737.73
goa_wp 3 2019 Cabc 135281
goa_wp 3 2019 Cofl 146281
goa_wp 3 2019 CLCI 66213.7
goa_wp 3 2019 CUCI 110506
goa_wp 3 2019 CMedian 71447.5
goa_wp 3 2019 CMean 77411.6
goa_wp 3 2019 CStdn 17344.6
goa_wp 3 2020 Cabc 135281
goa_wp 3 2020 Cofl 146281
goa_wp 3 2020 CLCI 49203.4
goa_wp 3 2020 CUCI 148902
goa_wp 3 2020 CMedian 64000.6
goa_wp 3 2020 CMean 75528.4
goa_wp 3 2020 CStdn 34968.6
goa_wp 3 2021 Cabc 135281
goa_wp 3 2021 Cofl 146281
goa_wp 3 2021 CLCI 37878.8
goa_wp 3 2021 CUCI 176964
goa_wp 3 2021 CMedian 63121.2
goa_wp 3 2021 CMean 79851.5
goa_wp 3 2021 CStdn 49367.2
goa_wp 3 2022 Cabc 135281
goa_wp 3 2022 Cofl 146281
goa_wp 3 2022 CLCI 25966
goa_wp 3 2022 CUCI 199661
goa_wp 3 2022 CMedian 61721.1
goa_wp 3 2022 CMean 79379.7
goa_wp 3 2022 CStdn 57776.3
goa_wp 3 2023 Cabc 135281
goa_wp 3 2023 Cofl 146281
goa_wp 3 2023 CLCI 26992.1
goa_wp 3 2023 CUCI 218266
goa_wp 3 2023 CMedian 71397.3
goa_wp 3 2023 CMean 90787.7
goa_wp 3 2023 CStdn 64245.6
goa_wp 3 2024 Cabc 135281
goa_wp 3 2024 Cofl 146281
goa_wp 3 2024 CLCI 29663.8
goa_wp 3 2024 CUCI 238365
goa_wp 3 2024 CMedian 78943.2
goa_wp 3 2024 CMean 99115.7
goa_wp 3 2024 CStdn 68864.1
goa_wp 3 2025 Cabc 135281
goa_wp 3 2025 Cofl 146281
goa_wp 3 2025 CLCI 31848.5
goa_wp 3 2025 CUCI 243497
goa_wp 3 2025 CMedian 83651.7
goa_wp 3 2025 CMean 103753
goa_wp 3 2025 CStdn 70371.5
goa_wp 3 2026 Cabc 135281
goa_wp 3 2026 Cofl 146281
goa_wp 3 2026 CLCI 31323.4
goa_wp 3 2026 CUCI 246223
goa_wp 3 2026 CMedian 83128
goa_wp 3 2026 CMean 103643
goa_wp 3 2026 CStdn 70230.9
goa_wp 3 2027 Cabc 135281
goa_wp 3 2027 Cofl 146281
goa_wp 3 2027 CLCI 31704.1
goa_wp 3 2027 CUCI 240293
goa_wp 3 2027 CMedian 84678.4
goa_wp 3 2027 CMean 103238
goa_wp 3 2027 CStdn 70474.4
goa_wp 3 2028 Cabc 135281
goa_wp 3 2028 Cofl 146281
goa_wp 3 2028 CLCI 32937.7
goa_wp 3 2028 CUCI 233918
goa_wp 3 2028 CMedian 84282.9
goa_wp 3 2028 CMean 101687
goa_wp 3 2028 CStdn 69920.2
goa_wp 3 2029 Cabc 135281
goa_wp 3 2029 Cofl 146281
goa_wp 3 2029 CLCI 31782.8
goa_wp 3 2029 CUCI 236251
goa_wp 3 2029 CMedian 80642.3
goa_wp 3 2029 CMean 100738
goa_wp 3 2029 CStdn 69383.6
goa_wp 3 2016 SSBF100 658221
goa_wp 3 2016 SSBFabc 263288
goa_wp 3 2016 SSBFofl 230377
goa_wp 3 2016 SSBLCI 354537
goa_wp 3 2016 SSBUCI 354537
goa_wp 3 2016 SSBMedian 354537
goa_wp 3 2016 SSBMean 354537
goa_wp 3 2017 SSBF100 658221
goa_wp 3 2017 SSBFabc 263288
goa_wp 3 2017 SSBFofl 230377
goa_wp 3 2017 SSBLCI 404948
goa_wp 3 2017 SSBUCI 404951
goa_wp 3 2017 SSBMedian 404948
goa_wp 3 2017 SSBMean 404949
goa_wp 3 2018 SSBF100 658221
goa_wp 3 2018 SSBFabc 263288
goa_wp 3 2018 SSBFofl 230377
goa_wp 3 2018 SSBLCI 408018
goa_wp 3 2018 SSBUCI 411417
goa_wp 3 2018 SSBMedian 408333
goa_wp 3 2018 SSBMean 408807
goa_wp 3 2019 SSBF100 658221
goa_wp 3 2019 SSBFabc 263288
goa_wp 3 2019 SSBFofl 230377
goa_wp 3 2019 SSBLCI 323908
goa_wp 3 2019 SSBUCI 345651
goa_wp 3 2019 SSBMedian 326480
goa_wp 3 2019 SSBMean 329412
goa_wp 3 2020 SSBF100 658221
goa_wp 3 2020 SSBFabc 263288
goa_wp 3 2020 SSBFofl 230377
goa_wp 3 2020 SSBLCI 241671
goa_wp 3 2020 SSBUCI 361522
goa_wp 3 2020 SSBMedian 256353
goa_wp 3 2020 SSBMean 272152
goa_wp 3 2021 SSBF100 658221
goa_wp 3 2021 SSBFabc 263288
goa_wp 3 2021 SSBFofl 230377
goa_wp 3 2021 SSBLCI 182307
goa_wp 3 2021 SSBUCI 454805
goa_wp 3 2021 SSBMedian 224882
goa_wp 3 2021 SSBMean 260575
goa_wp 3 2022 SSBF100 658221
goa_wp 3 2022 SSBFabc 263288
goa_wp 3 2022 SSBFofl 230377
goa_wp 3 2022 SSBLCI 154328
goa_wp 3 2022 SSBUCI 575305
goa_wp 3 2022 SSBMedian 231689
goa_wp 3 2022 SSBMean 283277
goa_wp 3 2023 SSBF100 658221
goa_wp 3 2023 SSBFabc 263288
goa_wp 3 2023 SSBFofl 230377
goa_wp 3 2023 SSBLCI 141235
goa_wp 3 2023 SSBUCI 693606
goa_wp 3 2023 SSBMedian 253709
goa_wp 3 2023 SSBMean 308769
goa_wp 3 2024 SSBF100 658221
goa_wp 3 2024 SSBFabc 263288
goa_wp 3 2024 SSBFofl 230377
goa_wp 3 2024 SSBLCI 130886
goa_wp 3 2024 SSBUCI 744411
goa_wp 3 2024 SSBMedian 268228
goa_wp 3 2024 SSBMean 331327
goa_wp 3 2025 SSBF100 658221
goa_wp 3 2025 SSBFabc 263288
goa_wp 3 2025 SSBFofl 230377
goa_wp 3 2025 SSBLCI 126521
goa_wp 3 2025 SSBUCI 784044
goa_wp 3 2025 SSBMedian 279460
goa_wp 3 2025 SSBMean 344921
goa_wp 3 2026 SSBF100 658221
goa_wp 3 2026 SSBFabc 263288
goa_wp 3 2026 SSBFofl 230377
goa_wp 3 2026 SSBLCI 124669
goa_wp 3 2026 SSBUCI 811343
goa_wp 3 2026 SSBMedian 286824
goa_wp 3 2026 SSBMean 352493
goa_wp 3 2027 SSBF100 658221
goa_wp 3 2027 SSBFabc 263288
goa_wp 3 2027 SSBFofl 230377
goa_wp 3 2027 SSBLCI 123864
goa_wp 3 2027 SSBUCI 812839
goa_wp 3 2027 SSBMedian 289876
goa_wp 3 2027 SSBMean 356252
goa_wp 3 2028 SSBF100 658221
goa_wp 3 2028 SSBFabc 263288
goa_wp 3 2028 SSBFofl 230377
goa_wp 3 2028 SSBLCI 123831
goa_wp 3 2028 SSBUCI 784591
goa_wp 3 2028 SSBMedian 299944
goa_wp 3 2028 SSBMean 357631
goa_wp 3 2029 SSBF100 658221
goa_wp 3 2029 SSBFabc 263288
goa_wp 3 2029 SSBFofl 230377
goa_wp 3 2029 SSBLCI 128154
goa_wp 3 2029 SSBUCI 787632
goa_wp 3 2029 SSBMedian 299745
goa_wp 3 2029 SSBMean 356160
goa_wp 3 2016 F0 0 
goa_wp 3 2016 Fabc 0.26504
goa_wp 3 2016 Fofl 0.313047
goa_wp 3 2016  F_LCI 0.239832
goa_wp 3 2016  F_UCI 0.239832
goa_wp 3 2016  F_Median 0.239832
goa_wp 3 2016  F_Mean 0.239832
goa_wp 3 2017 F0 0 
goa_wp 3 2017 Fabc 0.26504
goa_wp 3 2017 Fofl 0.313047
goa_wp 3 2017  F_LCI 0.161811
goa_wp 3 2017  F_UCI 0.161811
goa_wp 3 2017  F_Median 0.161811
goa_wp 3 2017  F_Mean 0.161811
goa_wp 3 2018 F0 0 
goa_wp 3 2018 Fabc 0.26504
goa_wp 3 2018 Fofl 0.313047
goa_wp 3 2018  F_LCI 0.161811
goa_wp 3 2018  F_UCI 0.161811
goa_wp 3 2018  F_Median 0.161811
goa_wp 3 2018  F_Mean 0.161811
goa_wp 3 2019 F0 0 
goa_wp 3 2019 Fabc 0.26504
goa_wp 3 2019 Fofl 0.313047
goa_wp 3 2019  F_LCI 0.161811
goa_wp 3 2019  F_UCI 0.161811
goa_wp 3 2019  F_Median 0.161811
goa_wp 3 2019  F_Mean 0.161811
goa_wp 3 2020 F0 0 
goa_wp 3 2020 Fabc 0.26504
goa_wp 3 2020 Fofl 0.313047
goa_wp 3 2020  F_LCI 0.161811
goa_wp 3 2020  F_UCI 0.161811
goa_wp 3 2020  F_Median 0.161811
goa_wp 3 2020  F_Mean 0.161811
goa_wp 3 2021 F0 0 
goa_wp 3 2021 Fabc 0.26504
goa_wp 3 2021 Fofl 0.313047
goa_wp 3 2021  F_LCI 0.161811
goa_wp 3 2021  F_UCI 0.161811
goa_wp 3 2021  F_Median 0.161811
goa_wp 3 2021  F_Mean 0.161811
goa_wp 3 2022 F0 0 
goa_wp 3 2022 Fabc 0.26504
goa_wp 3 2022 Fofl 0.313047
goa_wp 3 2022  F_LCI 0.161811
goa_wp 3 2022  F_UCI 0.161811
goa_wp 3 2022  F_Median 0.161811
goa_wp 3 2022  F_Mean 0.161811
goa_wp 3 2023 F0 0 
goa_wp 3 2023 Fabc 0.26504
goa_wp 3 2023 Fofl 0.313047
goa_wp 3 2023  F_LCI 0.161811
goa_wp 3 2023  F_UCI 0.161811
goa_wp 3 2023  F_Median 0.161811
goa_wp 3 2023  F_Mean 0.161811
goa_wp 3 2024 F0 0 
goa_wp 3 2024 Fabc 0.26504
goa_wp 3 2024 Fofl 0.313047
goa_wp 3 2024  F_LCI 0.161811
goa_wp 3 2024  F_UCI 0.161811
goa_wp 3 2024  F_Median 0.161811
goa_wp 3 2024  F_Mean 0.161811
goa_wp 3 2025 F0 0 
goa_wp 3 2025 Fabc 0.26504
goa_wp 3 2025 Fofl 0.313047
goa_wp 3 2025  F_LCI 0.161811
goa_wp 3 2025  F_UCI 0.161811
goa_wp 3 2025  F_Median 0.161811
goa_wp 3 2025  F_Mean 0.161811
goa_wp 3 2026 F0 0 
goa_wp 3 2026 Fabc 0.26504
goa_wp 3 2026 Fofl 0.313047
goa_wp 3 2026  F_LCI 0.161811
goa_wp 3 2026  F_UCI 0.161811
goa_wp 3 2026  F_Median 0.161811
goa_wp 3 2026  F_Mean 0.161811
goa_wp 3 2027 F0 0 
goa_wp 3 2027 Fabc 0.26504
goa_wp 3 2027 Fofl 0.313047
goa_wp 3 2027  F_LCI 0.161811
goa_wp 3 2027  F_UCI 0.161811
goa_wp 3 2027  F_Median 0.161811
goa_wp 3 2027  F_Mean 0.161811
goa_wp 3 2028 F0 0 
goa_wp 3 2028 Fabc 0.26504
goa_wp 3 2028 Fofl 0.313047
goa_wp 3 2028  F_LCI 0.161811
goa_wp 3 2028  F_UCI 0.161811
goa_wp 3 2028  F_Median 0.161811
goa_wp 3 2028  F_Mean 0.161811
goa_wp 3 2029 F0 0 
goa_wp 3 2029 Fabc 0.26504
goa_wp 3 2029 Fofl 0.313047
goa_wp 3 2029  F_LCI 0.161811
goa_wp 3 2029  F_UCI 0.161811
goa_wp 3 2029  F_Median 0.161811
goa_wp 3 2029  F_Mean 0.161811
goa_wp 4 2016 Cabc 135281
goa_wp 4 2016 Cofl 146281
goa_wp 4 2016 CLCI 177129
goa_wp 4 2016 CUCI 177129
goa_wp 4 2016 CMedian 177129
goa_wp 4 2016 CMean 177129
goa_wp 4 2016 CStdn 1.19326e-09
goa_wp 4 2017 Cabc 135281
goa_wp 4 2017 Cofl 146281
goa_wp 4 2017 CLCI 53197.8
goa_wp 4 2017 CUCI 53341.8
goa_wp 4 2017 CMedian 53211.1
goa_wp 4 2017 CMean 53231.2
goa_wp 4 2017 CStdn 56.625
goa_wp 4 2018 Cabc 135281
goa_wp 4 2018 Cofl 146281
goa_wp 4 2018 CLCI 44035.6
goa_wp 4 2018 CUCI 47228.2
goa_wp 4 2018 CMedian 44343.4
goa_wp 4 2018 CMean 44788.1
goa_wp 4 2018 CStdn 1247.54
goa_wp 4 2019 Cabc 135281
goa_wp 4 2019 Cofl 146281
goa_wp 4 2019 CLCI 36805
goa_wp 4 2019 CUCI 57237.4
goa_wp 4 2019 CMedian 39215.8
goa_wp 4 2019 CMean 41963.5
goa_wp 4 2019 CStdn 7999.87
goa_wp 4 2020 Cabc 135281
goa_wp 4 2020 Cofl 146281
goa_wp 4 2020 CLCI 29167.1
goa_wp 4 2020 CUCI 75504.5
goa_wp 4 2020 CMedian 36063.4
goa_wp 4 2020 CMean 41621.4
goa_wp 4 2020 CStdn 16606.1
goa_wp 4 2021 Cabc 135281
goa_wp 4 2021 Cofl 146281
goa_wp 4 2021 CLCI 22948.1
goa_wp 4 2021 CUCI 91931.7
goa_wp 4 2021 CMedian 35276
goa_wp 4 2021 CMean 43536.7
goa_wp 4 2021 CStdn 24381.1
goa_wp 4 2022 Cabc 135281
goa_wp 4 2022 Cofl 146281
goa_wp 4 2022 CLCI 14497.7
goa_wp 4 2022 CUCI 104556
goa_wp 4 2022 CMedian 32879.3
goa_wp 4 2022 CMean 41567.3
goa_wp 4 2022 CStdn 29326.1
goa_wp 4 2023 Cabc 135281
goa_wp 4 2023 Cofl 146281
goa_wp 4 2023 CLCI 15059.7
goa_wp 4 2023 CUCI 115890
goa_wp 4 2023 CMedian 37983.1
goa_wp 4 2023 CMean 48154.1
goa_wp 4 2023 CStdn 33275
goa_wp 4 2024 Cabc 135281
goa_wp 4 2024 Cofl 146281
goa_wp 4 2024 CLCI 16584.3
goa_wp 4 2024 CUCI 126422
goa_wp 4 2024 CMedian 43605.1
goa_wp 4 2024 CMean 53802
goa_wp 4 2024 CStdn 36305.1
goa_wp 4 2025 Cabc 135281
goa_wp 4 2025 Cofl 146281
goa_wp 4 2025 CLCI 17971.9
goa_wp 4 2025 CUCI 136135
goa_wp 4 2025 CMedian 46219.9
goa_wp 4 2025 CMean 57320.1
goa_wp 4 2025 CStdn 37695.1
goa_wp 4 2026 Cabc 135281
goa_wp 4 2026 Cofl 146281
goa_wp 4 2026 CLCI 17854.1
goa_wp 4 2026 CUCI 136054
goa_wp 4 2026 CMedian 46883.8
goa_wp 4 2026 CMean 57529.8
goa_wp 4 2026 CStdn 37978.1
goa_wp 4 2027 Cabc 135281
goa_wp 4 2027 Cofl 146281
goa_wp 4 2027 CLCI 18139.3
goa_wp 4 2027 CUCI 131130
goa_wp 4 2027 CMedian 47527.4
goa_wp 4 2027 CMean 57588.2
goa_wp 4 2027 CStdn 38196.4
goa_wp 4 2028 Cabc 135281
goa_wp 4 2028 Cofl 146281
goa_wp 4 2028 CLCI 18912.9
goa_wp 4 2028 CUCI 131134
goa_wp 4 2028 CMedian 47066.9
goa_wp 4 2028 CMean 56895
goa_wp 4 2028 CStdn 37971.2
goa_wp 4 2029 Cabc 135281
goa_wp 4 2029 Cofl 146281
goa_wp 4 2029 CLCI 18658.1
goa_wp 4 2029 CUCI 129722
goa_wp 4 2029 CMedian 45913.5
goa_wp 4 2029 CMean 56324.9
goa_wp 4 2029 CStdn 37715
goa_wp 4 2016 SSBF100 658221
goa_wp 4 2016 SSBFabc 263288
goa_wp 4 2016 SSBFofl 230377
goa_wp 4 2016 SSBLCI 354537
goa_wp 4 2016 SSBUCI 354537
goa_wp 4 2016 SSBMedian 354537
goa_wp 4 2016 SSBMean 354537
goa_wp 4 2017 SSBF100 658221
goa_wp 4 2017 SSBFabc 263288
goa_wp 4 2017 SSBFofl 230377
goa_wp 4 2017 SSBLCI 411121
goa_wp 4 2017 SSBUCI 411124
goa_wp 4 2017 SSBMedian 411122
goa_wp 4 2017 SSBMean 411122
goa_wp 4 2018 SSBF100 658221
goa_wp 4 2018 SSBFabc 263288
goa_wp 4 2018 SSBFofl 230377
goa_wp 4 2018 SSBLCI 446854
goa_wp 4 2018 SSBUCI 450255
goa_wp 4 2018 SSBMedian 447169
goa_wp 4 2018 SSBMean 447643
goa_wp 4 2019 SSBF100 658221
goa_wp 4 2019 SSBFabc 263288
goa_wp 4 2019 SSBFofl 230377
goa_wp 4 2019 SSBLCI 383510
goa_wp 4 2019 SSBUCI 405419
goa_wp 4 2019 SSBMedian 386098
goa_wp 4 2019 SSBMean 389052
goa_wp 4 2020 SSBF100 658221
goa_wp 4 2020 SSBFabc 263288
goa_wp 4 2020 SSBFofl 230377
goa_wp 4 2020 SSBLCI 308003
goa_wp 4 2020 SSBUCI 432313
goa_wp 4 2020 SSBMedian 323126
goa_wp 4 2020 SSBMean 339578
goa_wp 4 2021 SSBF100 658221
goa_wp 4 2021 SSBFabc 263288
goa_wp 4 2021 SSBFofl 230377
goa_wp 4 2021 SSBLCI 246088
goa_wp 4 2021 SSBUCI 536803
goa_wp 4 2021 SSBMedian 291986
goa_wp 4 2021 SSBMean 330926
goa_wp 4 2022 SSBF100 658221
goa_wp 4 2022 SSBFabc 263288
goa_wp 4 2022 SSBFofl 230377
goa_wp 4 2022 SSBLCI 213109
goa_wp 4 2022 SSBUCI 702913
goa_wp 4 2022 SSBMedian 302171
goa_wp 4 2022 SSBMean 360347
goa_wp 4 2023 SSBF100 658221
goa_wp 4 2023 SSBFabc 263288
goa_wp 4 2023 SSBFofl 230377
goa_wp 4 2023 SSBLCI 192615
goa_wp 4 2023 SSBUCI 858103
goa_wp 4 2023 SSBMedian 325041
goa_wp 4 2023 SSBMean 391623
goa_wp 4 2024 SSBF100 658221
goa_wp 4 2024 SSBFabc 263288
goa_wp 4 2024 SSBFofl 230377
goa_wp 4 2024 SSBLCI 180950
goa_wp 4 2024 SSBUCI 931783
goa_wp 4 2024 SSBMedian 346432
goa_wp 4 2024 SSBMean 422975
goa_wp 4 2025 SSBF100 658221
goa_wp 4 2025 SSBFabc 263288
goa_wp 4 2025 SSBFofl 230377
goa_wp 4 2025 SSBLCI 172668
goa_wp 4 2025 SSBUCI 989314
goa_wp 4 2025 SSBMedian 368185
goa_wp 4 2025 SSBMean 446349
goa_wp 4 2026 SSBF100 658221
goa_wp 4 2026 SSBFabc 263288
goa_wp 4 2026 SSBFofl 230377
goa_wp 4 2026 SSBLCI 173130
goa_wp 4 2026 SSBUCI 1.03095e+06
goa_wp 4 2026 SSBMedian 380943
goa_wp 4 2026 SSBMean 462809
goa_wp 4 2027 SSBF100 658221
goa_wp 4 2027 SSBFabc 263288
goa_wp 4 2027 SSBFofl 230377
goa_wp 4 2027 SSBLCI 170900
goa_wp 4 2027 SSBUCI 1.04643e+06
goa_wp 4 2027 SSBMedian 386694
goa_wp 4 2027 SSBMean 472872
goa_wp 4 2028 SSBF100 658221
goa_wp 4 2028 SSBFabc 263288
goa_wp 4 2028 SSBFofl 230377
goa_wp 4 2028 SSBLCI 168882
goa_wp 4 2028 SSBUCI 1.03621e+06
goa_wp 4 2028 SSBMedian 404092
goa_wp 4 2028 SSBMean 479001
goa_wp 4 2029 SSBF100 658221
goa_wp 4 2029 SSBFabc 263288
goa_wp 4 2029 SSBFofl 230377
goa_wp 4 2029 SSBLCI 178867
goa_wp 4 2029 SSBUCI 1.03536e+06
goa_wp 4 2029 SSBMedian 410116
goa_wp 4 2029 SSBMean 480288
goa_wp 4 2016 F0 0 
goa_wp 4 2016 Fabc 0.26504
goa_wp 4 2016 Fofl 0.313047
goa_wp 4 2016  F_LCI 0.239832
goa_wp 4 2016  F_UCI 0.239832
goa_wp 4 2016  F_Median 0.239832
goa_wp 4 2016  F_Mean 0.239832
goa_wp 4 2017 F0 0 
goa_wp 4 2017 Fabc 0.26504
goa_wp 4 2017 Fofl 0.313047
goa_wp 4 2017  F_LCI 0.0736464
goa_wp 4 2017  F_UCI 0.0736464
goa_wp 4 2017  F_Median 0.0736464
goa_wp 4 2017  F_Mean 0.0736464
goa_wp 4 2018 F0 0 
goa_wp 4 2018 Fabc 0.26504
goa_wp 4 2018 Fofl 0.313047
goa_wp 4 2018  F_LCI 0.0736464
goa_wp 4 2018  F_UCI 0.0736464
goa_wp 4 2018  F_Median 0.0736464
goa_wp 4 2018  F_Mean 0.0736464
goa_wp 4 2019 F0 0 
goa_wp 4 2019 Fabc 0.26504
goa_wp 4 2019 Fofl 0.313047
goa_wp 4 2019  F_LCI 0.0736464
goa_wp 4 2019  F_UCI 0.0736464
goa_wp 4 2019  F_Median 0.0736464
goa_wp 4 2019  F_Mean 0.0736464
goa_wp 4 2020 F0 0 
goa_wp 4 2020 Fabc 0.26504
goa_wp 4 2020 Fofl 0.313047
goa_wp 4 2020  F_LCI 0.0736464
goa_wp 4 2020  F_UCI 0.0736464
goa_wp 4 2020  F_Median 0.0736464
goa_wp 4 2020  F_Mean 0.0736464
goa_wp 4 2021 F0 0 
goa_wp 4 2021 Fabc 0.26504
goa_wp 4 2021 Fofl 0.313047
goa_wp 4 2021  F_LCI 0.0736464
goa_wp 4 2021  F_UCI 0.0736464
goa_wp 4 2021  F_Median 0.0736464
goa_wp 4 2021  F_Mean 0.0736464
goa_wp 4 2022 F0 0 
goa_wp 4 2022 Fabc 0.26504
goa_wp 4 2022 Fofl 0.313047
goa_wp 4 2022  F_LCI 0.0736464
goa_wp 4 2022  F_UCI 0.0736464
goa_wp 4 2022  F_Median 0.0736464
goa_wp 4 2022  F_Mean 0.0736464
goa_wp 4 2023 F0 0 
goa_wp 4 2023 Fabc 0.26504
goa_wp 4 2023 Fofl 0.313047
goa_wp 4 2023  F_LCI 0.0736464
goa_wp 4 2023  F_UCI 0.0736464
goa_wp 4 2023  F_Median 0.0736464
goa_wp 4 2023  F_Mean 0.0736464
goa_wp 4 2024 F0 0 
goa_wp 4 2024 Fabc 0.26504
goa_wp 4 2024 Fofl 0.313047
goa_wp 4 2024  F_LCI 0.0736464
goa_wp 4 2024  F_UCI 0.0736464
goa_wp 4 2024  F_Median 0.0736464
goa_wp 4 2024  F_Mean 0.0736464
goa_wp 4 2025 F0 0 
goa_wp 4 2025 Fabc 0.26504
goa_wp 4 2025 Fofl 0.313047
goa_wp 4 2025  F_LCI 0.0736464
goa_wp 4 2025  F_UCI 0.0736464
goa_wp 4 2025  F_Median 0.0736464
goa_wp 4 2025  F_Mean 0.0734991
goa_wp 4 2026 F0 0 
goa_wp 4 2026 Fabc 0.26504
goa_wp 4 2026 Fofl 0.313047
goa_wp 4 2026  F_LCI 0.0736464
goa_wp 4 2026  F_UCI 0.0736464
goa_wp 4 2026  F_Median 0.0736464
goa_wp 4 2026  F_Mean 0.0732781
goa_wp 4 2027 F0 0 
goa_wp 4 2027 Fabc 0.26504
goa_wp 4 2027 Fofl 0.313047
goa_wp 4 2027  F_LCI 0.0736464
goa_wp 4 2027  F_UCI 0.0736464
goa_wp 4 2027  F_Median 0.0736464
goa_wp 4 2027  F_Mean 0.0732781
goa_wp 4 2028 F0 0 
goa_wp 4 2028 Fabc 0.26504
goa_wp 4 2028 Fofl 0.313047
goa_wp 4 2028  F_LCI 0.0736464
goa_wp 4 2028  F_UCI 0.0736464
goa_wp 4 2028  F_Median 0.0736464
goa_wp 4 2028  F_Mean 0.0734254
goa_wp 4 2029 F0 0 
goa_wp 4 2029 Fabc 0.26504
goa_wp 4 2029 Fofl 0.313047
goa_wp 4 2029  F_LCI 0.0736464
goa_wp 4 2029  F_UCI 0.0736464
goa_wp 4 2029  F_Median 0.0736464
goa_wp 4 2029  F_Mean 0.0731309
goa_wp 5 2016 Cabc 135281
goa_wp 5 2016 Cofl 146281
goa_wp 5 2016 CLCI 177129
goa_wp 5 2016 CUCI 177129
goa_wp 5 2016 CMedian 177129
goa_wp 5 2016 CMean 177129
goa_wp 5 2016 CStdn 1.19326e-09
goa_wp 5 2017 Cabc 135281
goa_wp 5 2017 Cofl 146281
goa_wp 5 2017 CLCI 0
goa_wp 5 2017 CUCI 0
goa_wp 5 2017 CMedian 0
goa_wp 5 2017 CMean 0
goa_wp 5 2017 CStdn 0
goa_wp 5 2018 Cabc 135281
goa_wp 5 2018 Cofl 146281
goa_wp 5 2018 CLCI 0
goa_wp 5 2018 CUCI 0
goa_wp 5 2018 CMedian 0
goa_wp 5 2018 CMean 0
goa_wp 5 2018 CStdn 0
goa_wp 5 2019 Cabc 135281
goa_wp 5 2019 Cofl 146281
goa_wp 5 2019 CLCI 0
goa_wp 5 2019 CUCI 0
goa_wp 5 2019 CMedian 0
goa_wp 5 2019 CMean 0
goa_wp 5 2019 CStdn 0
goa_wp 5 2020 Cabc 135281
goa_wp 5 2020 Cofl 146281
goa_wp 5 2020 CLCI 0
goa_wp 5 2020 CUCI 0
goa_wp 5 2020 CMedian 0
goa_wp 5 2020 CMean 0
goa_wp 5 2020 CStdn 0
goa_wp 5 2021 Cabc 135281
goa_wp 5 2021 Cofl 146281
goa_wp 5 2021 CLCI 0
goa_wp 5 2021 CUCI 0
goa_wp 5 2021 CMedian 0
goa_wp 5 2021 CMean 0
goa_wp 5 2021 CStdn 0
goa_wp 5 2022 Cabc 135281
goa_wp 5 2022 Cofl 146281
goa_wp 5 2022 CLCI 0
goa_wp 5 2022 CUCI 0
goa_wp 5 2022 CMedian 0
goa_wp 5 2022 CMean 0
goa_wp 5 2022 CStdn 0
goa_wp 5 2023 Cabc 135281
goa_wp 5 2023 Cofl 146281
goa_wp 5 2023 CLCI 0
goa_wp 5 2023 CUCI 0
goa_wp 5 2023 CMedian 0
goa_wp 5 2023 CMean 0
goa_wp 5 2023 CStdn 0
goa_wp 5 2024 Cabc 135281
goa_wp 5 2024 Cofl 146281
goa_wp 5 2024 CLCI 0
goa_wp 5 2024 CUCI 0
goa_wp 5 2024 CMedian 0
goa_wp 5 2024 CMean 0
goa_wp 5 2024 CStdn 0
goa_wp 5 2025 Cabc 135281
goa_wp 5 2025 Cofl 146281
goa_wp 5 2025 CLCI 0
goa_wp 5 2025 CUCI 0
goa_wp 5 2025 CMedian 0
goa_wp 5 2025 CMean 0
goa_wp 5 2025 CStdn 0
goa_wp 5 2026 Cabc 135281
goa_wp 5 2026 Cofl 146281
goa_wp 5 2026 CLCI 0
goa_wp 5 2026 CUCI 0
goa_wp 5 2026 CMedian 0
goa_wp 5 2026 CMean 0
goa_wp 5 2026 CStdn 0
goa_wp 5 2027 Cabc 135281
goa_wp 5 2027 Cofl 146281
goa_wp 5 2027 CLCI 0
goa_wp 5 2027 CUCI 0
goa_wp 5 2027 CMedian 0
goa_wp 5 2027 CMean 0
goa_wp 5 2027 CStdn 0
goa_wp 5 2028 Cabc 135281
goa_wp 5 2028 Cofl 146281
goa_wp 5 2028 CLCI 0
goa_wp 5 2028 CUCI 0
goa_wp 5 2028 CMedian 0
goa_wp 5 2028 CMean 0
goa_wp 5 2028 CStdn 0
goa_wp 5 2029 Cabc 135281
goa_wp 5 2029 Cofl 146281
goa_wp 5 2029 CLCI 0
goa_wp 5 2029 CUCI 0
goa_wp 5 2029 CMedian 0
goa_wp 5 2029 CMean 0
goa_wp 5 2029 CStdn 0
goa_wp 5 2016 SSBF100 658221
goa_wp 5 2016 SSBFabc 263288
goa_wp 5 2016 SSBFofl 230377
goa_wp 5 2016 SSBLCI 354537
goa_wp 5 2016 SSBUCI 354537
goa_wp 5 2016 SSBMedian 354537
goa_wp 5 2016 SSBMean 354537
goa_wp 5 2017 SSBF100 658221
goa_wp 5 2017 SSBFabc 263288
goa_wp 5 2017 SSBFofl 230377
goa_wp 5 2017 SSBLCI 416358
goa_wp 5 2017 SSBUCI 416361
goa_wp 5 2017 SSBMedian 416359
goa_wp 5 2017 SSBMean 416359
goa_wp 5 2018 SSBF100 658221
goa_wp 5 2018 SSBFabc 263288
goa_wp 5 2018 SSBFofl 230377
goa_wp 5 2018 SSBLCI 482347
goa_wp 5 2018 SSBUCI 485750
goa_wp 5 2018 SSBMedian 482662
goa_wp 5 2018 SSBMean 483137
goa_wp 5 2019 SSBF100 658221
goa_wp 5 2019 SSBFabc 263288
goa_wp 5 2019 SSBFofl 230377
goa_wp 5 2019 SSBLCI 442312
goa_wp 5 2019 SSBUCI 464361
goa_wp 5 2019 SSBMedian 444914
goa_wp 5 2019 SSBMean 447887
goa_wp 5 2020 SSBF100 658221
goa_wp 5 2020 SSBFabc 263288
goa_wp 5 2020 SSBFofl 230377
goa_wp 5 2020 SSBLCI 378586
goa_wp 5 2020 SSBUCI 506379
goa_wp 5 2020 SSBMedian 393983
goa_wp 5 2020 SSBMean 411092
goa_wp 5 2021 SSBF100 658221
goa_wp 5 2021 SSBFabc 263288
goa_wp 5 2021 SSBFofl 230377
goa_wp 5 2021 SSBLCI 319026
goa_wp 5 2021 SSBUCI 631846
goa_wp 5 2021 SSBMedian 367230
goa_wp 5 2021 SSBMean 409609
goa_wp 5 2022 SSBF100 658221
goa_wp 5 2022 SSBFabc 263288
goa_wp 5 2022 SSBFofl 230377
goa_wp 5 2022 SSBLCI 283833
goa_wp 5 2022 SSBUCI 849353
goa_wp 5 2022 SSBMedian 381927
goa_wp 5 2022 SSBMean 448467
goa_wp 5 2023 SSBF100 658221
goa_wp 5 2023 SSBFabc 263288
goa_wp 5 2023 SSBFofl 230377
goa_wp 5 2023 SSBLCI 255034
goa_wp 5 2023 SSBUCI 1.0235e+06
goa_wp 5 2023 SSBMedian 406516
goa_wp 5 2023 SSBMean 485648
goa_wp 5 2024 SSBF100 658221
goa_wp 5 2024 SSBFabc 263288
goa_wp 5 2024 SSBFofl 230377
goa_wp 5 2024 SSBLCI 236858
goa_wp 5 2024 SSBUCI 1.14258e+06
goa_wp 5 2024 SSBMedian 434950
goa_wp 5 2024 SSBMean 527073
goa_wp 5 2025 SSBF100 658221
goa_wp 5 2025 SSBFabc 263288
goa_wp 5 2025 SSBFofl 230377
goa_wp 5 2025 SSBLCI 228595
goa_wp 5 2025 SSBUCI 1.22063e+06
goa_wp 5 2025 SSBMedian 469384
goa_wp 5 2025 SSBMean 563013
goa_wp 5 2026 SSBF100 658221
goa_wp 5 2026 SSBFabc 263288
goa_wp 5 2026 SSBFofl 230377
goa_wp 5 2026 SSBLCI 226960
goa_wp 5 2026 SSBUCI 1.29815e+06
goa_wp 5 2026 SSBMedian 494268
goa_wp 5 2026 SSBMean 592055
goa_wp 5 2027 SSBF100 658221
goa_wp 5 2027 SSBFabc 263288
goa_wp 5 2027 SSBFofl 230377
goa_wp 5 2027 SSBLCI 229725
goa_wp 5 2027 SSBUCI 1.291e+06
goa_wp 5 2027 SSBMedian 510338
goa_wp 5 2027 SSBMean 611516
goa_wp 5 2028 SSBF100 658221
goa_wp 5 2028 SSBFabc 263288
goa_wp 5 2028 SSBFofl 230377
goa_wp 5 2028 SSBLCI 230192
goa_wp 5 2028 SSBUCI 1.34104e+06
goa_wp 5 2028 SSBMedian 531984
goa_wp 5 2028 SSBMean 624968
goa_wp 5 2029 SSBF100 658221
goa_wp 5 2029 SSBFabc 263288
goa_wp 5 2029 SSBFofl 230377
goa_wp 5 2029 SSBLCI 238712
goa_wp 5 2029 SSBUCI 1.3293e+06
goa_wp 5 2029 SSBMedian 540713
goa_wp 5 2029 SSBMean 631024
goa_wp 5 2016 F0 0 
goa_wp 5 2016 Fabc 0.26504
goa_wp 5 2016 Fofl 0.313047
goa_wp 5 2016  F_LCI 0.239832
goa_wp 5 2016  F_UCI 0.239832
goa_wp 5 2016  F_Median 0.239832
goa_wp 5 2016  F_Mean 0.239832
goa_wp 5 2017 F0 0 
goa_wp 5 2017 Fabc 0.26504
goa_wp 5 2017 Fofl 0.313047
goa_wp 5 2017  F_LCI 0
goa_wp 5 2017  F_UCI 0
goa_wp 5 2017  F_Median 0
goa_wp 5 2017  F_Mean 0
goa_wp 5 2018 F0 0 
goa_wp 5 2018 Fabc 0.26504
goa_wp 5 2018 Fofl 0.313047
goa_wp 5 2018  F_LCI 0
goa_wp 5 2018  F_UCI 0
goa_wp 5 2018  F_Median 0
goa_wp 5 2018  F_Mean 0
goa_wp 5 2019 F0 0 
goa_wp 5 2019 Fabc 0.26504
goa_wp 5 2019 Fofl 0.313047
goa_wp 5 2019  F_LCI 0
goa_wp 5 2019  F_UCI 0
goa_wp 5 2019  F_Median 0
goa_wp 5 2019  F_Mean 0
goa_wp 5 2020 F0 0 
goa_wp 5 2020 Fabc 0.26504
goa_wp 5 2020 Fofl 0.313047
goa_wp 5 2020  F_LCI 0
goa_wp 5 2020  F_UCI 0
goa_wp 5 2020  F_Median 0
goa_wp 5 2020  F_Mean 0
goa_wp 5 2021 F0 0 
goa_wp 5 2021 Fabc 0.26504
goa_wp 5 2021 Fofl 0.313047
goa_wp 5 2021  F_LCI 0
goa_wp 5 2021  F_UCI 0
goa_wp 5 2021  F_Median 0
goa_wp 5 2021  F_Mean 0
goa_wp 5 2022 F0 0 
goa_wp 5 2022 Fabc 0.26504
goa_wp 5 2022 Fofl 0.313047
goa_wp 5 2022  F_LCI 0
goa_wp 5 2022  F_UCI 0
goa_wp 5 2022  F_Median 0
goa_wp 5 2022  F_Mean 0
goa_wp 5 2023 F0 0 
goa_wp 5 2023 Fabc 0.26504
goa_wp 5 2023 Fofl 0.313047
goa_wp 5 2023  F_LCI 0
goa_wp 5 2023  F_UCI 0
goa_wp 5 2023  F_Median 0
goa_wp 5 2023  F_Mean 0
goa_wp 5 2024 F0 0 
goa_wp 5 2024 Fabc 0.26504
goa_wp 5 2024 Fofl 0.313047
goa_wp 5 2024  F_LCI 0
goa_wp 5 2024  F_UCI 0
goa_wp 5 2024  F_Median 0
goa_wp 5 2024  F_Mean 0
goa_wp 5 2025 F0 0 
goa_wp 5 2025 Fabc 0.26504
goa_wp 5 2025 Fofl 0.313047
goa_wp 5 2025  F_LCI 0
goa_wp 5 2025  F_UCI 0
goa_wp 5 2025  F_Median 0
goa_wp 5 2025  F_Mean 0
goa_wp 5 2026 F0 0 
goa_wp 5 2026 Fabc 0.26504
goa_wp 5 2026 Fofl 0.313047
goa_wp 5 2026  F_LCI 0
goa_wp 5 2026  F_UCI 0
goa_wp 5 2026  F_Median 0
goa_wp 5 2026  F_Mean 0
goa_wp 5 2027 F0 0 
goa_wp 5 2027 Fabc 0.26504
goa_wp 5 2027 Fofl 0.313047
goa_wp 5 2027  F_LCI 0
goa_wp 5 2027  F_UCI 0
goa_wp 5 2027  F_Median 0
goa_wp 5 2027  F_Mean 0
goa_wp 5 2028 F0 0 
goa_wp 5 2028 Fabc 0.26504
goa_wp 5 2028 Fofl 0.313047
goa_wp 5 2028  F_LCI 0
goa_wp 5 2028  F_UCI 0
goa_wp 5 2028  F_Median 0
goa_wp 5 2028  F_Mean 0
goa_wp 5 2029 F0 0 
goa_wp 5 2029 Fabc 0.26504
goa_wp 5 2029 Fofl 0.313047
goa_wp 5 2029  F_LCI 0
goa_wp 5 2029  F_UCI 0
goa_wp 5 2029  F_Median 0
goa_wp 5 2029  F_Mean 0
goa_wp 6 2016 Cabc 135281
goa_wp 6 2016 Cofl 146281
goa_wp 6 2016 CLCI 177129
goa_wp 6 2016 CUCI 177129
goa_wp 6 2016 CMedian 177129
goa_wp 6 2016 CMean 177129
goa_wp 6 2016 CStdn 1.19326e-09
goa_wp 6 2017 Cabc 135281
goa_wp 6 2017 Cofl 146281
goa_wp 6 2017 CLCI 204654
goa_wp 6 2017 CUCI 205266
goa_wp 6 2017 CMedian 204710
goa_wp 6 2017 CMean 204796
goa_wp 6 2017 CStdn 240.668
goa_wp 6 2018 Cabc 135281
goa_wp 6 2018 Cofl 146281
goa_wp 6 2018 CLCI 135826
goa_wp 6 2018 CUCI 149352
goa_wp 6 2018 CMedian 137130
goa_wp 6 2018 CMean 139014
goa_wp 6 2018 CStdn 5285.65
goa_wp 6 2019 Cabc 135281
goa_wp 6 2019 Cofl 146281
goa_wp 6 2019 CLCI 85463.8
goa_wp 6 2019 CUCI 175174
goa_wp 6 2019 CMedian 95538.3
goa_wp 6 2019 CMean 107540
goa_wp 6 2019 CStdn 34266.8
goa_wp 6 2020 Cabc 135281
goa_wp 6 2020 Cofl 146281
goa_wp 6 2020 CLCI 40853.9
goa_wp 6 2020 CUCI 215617
goa_wp 6 2020 CMedian 62150.3
goa_wp 6 2020 CMean 86368.7
goa_wp 6 2020 CStdn 67140.2
goa_wp 6 2021 Cabc 135281
goa_wp 6 2021 Cofl 146281
goa_wp 6 2021 CLCI 25550.6
goa_wp 6 2021 CUCI 282961
goa_wp 6 2021 CMedian 61794.8
goa_wp 6 2021 CMean 96165.5
goa_wp 6 2021 CStdn 90365.2
goa_wp 6 2022 Cabc 135281
goa_wp 6 2022 Cofl 146281
goa_wp 6 2022 CLCI 18646.5
goa_wp 6 2022 CUCI 322003
goa_wp 6 2022 CMedian 73209.9
goa_wp 6 2022 CMean 108935
goa_wp 6 2022 CStdn 102469
goa_wp 6 2023 Cabc 135281
goa_wp 6 2023 Cofl 146281
goa_wp 6 2023 CLCI 20318.1
goa_wp 6 2023 CUCI 346067
goa_wp 6 2023 CMedian 89312.1
goa_wp 6 2023 CMean 127838
goa_wp 6 2023 CStdn 111924
goa_wp 6 2024 Cabc 135281
goa_wp 6 2024 Cofl 146281
goa_wp 6 2024 CLCI 22537.3
goa_wp 6 2024 CUCI 355325
goa_wp 6 2024 CMedian 100859
goa_wp 6 2024 CMean 138214
goa_wp 6 2024 CStdn 117316
goa_wp 6 2025 Cabc 135281
goa_wp 6 2025 Cofl 146281
goa_wp 6 2025 CLCI 25752.1
goa_wp 6 2025 CUCI 366186
goa_wp 6 2025 CMedian 102835
goa_wp 6 2025 CMean 141212
goa_wp 6 2025 CStdn 117562
goa_wp 6 2026 Cabc 135281
goa_wp 6 2026 Cofl 146281
goa_wp 6 2026 CLCI 24955.9
goa_wp 6 2026 CUCI 373038
goa_wp 6 2026 CMedian 103091
goa_wp 6 2026 CMean 140357
goa_wp 6 2026 CStdn 116483
goa_wp 6 2027 Cabc 135281
goa_wp 6 2027 Cofl 146281
goa_wp 6 2027 CLCI 25854
goa_wp 6 2027 CUCI 364050
goa_wp 6 2027 CMedian 102884
goa_wp 6 2027 CMean 138649
goa_wp 6 2027 CStdn 115999
goa_wp 6 2028 Cabc 135281
goa_wp 6 2028 Cofl 146281
goa_wp 6 2028 CLCI 25648
goa_wp 6 2028 CUCI 348740
goa_wp 6 2028 CMedian 105574
goa_wp 6 2028 CMean 135776
goa_wp 6 2028 CStdn 114158
goa_wp 6 2029 Cabc 135281
goa_wp 6 2029 Cofl 146281
goa_wp 6 2029 CLCI 25611.2
goa_wp 6 2029 CUCI 352892
goa_wp 6 2029 CMedian 101107
goa_wp 6 2029 CMean 134553
goa_wp 6 2029 CStdn 113583
goa_wp 6 2016 SSBF100 658221
goa_wp 6 2016 SSBFabc 263288
goa_wp 6 2016 SSBFofl 230377
goa_wp 6 2016 SSBLCI 354537
goa_wp 6 2016 SSBUCI 354537
goa_wp 6 2016 SSBMedian 354537
goa_wp 6 2016 SSBMean 354537
goa_wp 6 2017 SSBF100 658221
goa_wp 6 2017 SSBFabc 263288
goa_wp 6 2017 SSBFofl 230377
goa_wp 6 2017 SSBLCI 394597
goa_wp 6 2017 SSBUCI 394600
goa_wp 6 2017 SSBMedian 394597
goa_wp 6 2017 SSBMean 394598
goa_wp 6 2018 SSBF100 658221
goa_wp 6 2018 SSBFabc 263288
goa_wp 6 2018 SSBFofl 230377
goa_wp 6 2018 SSBLCI 349640
goa_wp 6 2018 SSBUCI 353036
goa_wp 6 2018 SSBMedian 349955
goa_wp 6 2018 SSBMean 350428
goa_wp 6 2019 SSBF100 658221
goa_wp 6 2019 SSBFabc 263288
goa_wp 6 2019 SSBFofl 230377
goa_wp 6 2019 SSBLCI 244720
goa_wp 6 2019 SSBUCI 265173
goa_wp 6 2019 SSBMedian 247137
goa_wp 6 2019 SSBMean 249921
goa_wp 6 2020 SSBF100 658221
goa_wp 6 2020 SSBFabc 263288
goa_wp 6 2020 SSBFofl 230377
goa_wp 6 2020 SSBLCI 167940
goa_wp 6 2020 SSBUCI 273969
goa_wp 6 2020 SSBMedian 181172
goa_wp 6 2020 SSBMean 195268
goa_wp 6 2021 SSBF100 658221
goa_wp 6 2021 SSBFabc 263288
goa_wp 6 2021 SSBFofl 230377
goa_wp 6 2021 SSBLCI 128323
goa_wp 6 2021 SSBUCI 369713
goa_wp 6 2021 SSBMedian 166276
goa_wp 6 2021 SSBMean 194145
goa_wp 6 2022 SSBF100 658221
goa_wp 6 2022 SSBFabc 263288
goa_wp 6 2022 SSBFofl 230377
goa_wp 6 2022 SSBLCI 115966
goa_wp 6 2022 SSBUCI 446952
goa_wp 6 2022 SSBMedian 182828
goa_wp 6 2022 SSBMean 218247
goa_wp 6 2023 SSBF100 658221
goa_wp 6 2023 SSBFabc 263288
goa_wp 6 2023 SSBFofl 230377
goa_wp 6 2023 SSBLCI 115165
goa_wp 6 2023 SSBUCI 521661
goa_wp 6 2023 SSBMedian 201515
goa_wp 6 2023 SSBMean 240114
goa_wp 6 2024 SSBF100 658221
goa_wp 6 2024 SSBFabc 263288
goa_wp 6 2024 SSBFofl 230377
goa_wp 6 2024 SSBLCI 113767
goa_wp 6 2024 SSBUCI 538146
goa_wp 6 2024 SSBMedian 212273
goa_wp 6 2024 SSBMean 255144
goa_wp 6 2025 SSBF100 658221
goa_wp 6 2025 SSBFabc 263288
goa_wp 6 2025 SSBFofl 230377
goa_wp 6 2025 SSBLCI 113594
goa_wp 6 2025 SSBUCI 558826
goa_wp 6 2025 SSBMedian 214118
goa_wp 6 2025 SSBMean 260254
goa_wp 6 2026 SSBF100 658221
goa_wp 6 2026 SSBFabc 263288
goa_wp 6 2026 SSBFofl 230377
goa_wp 6 2026 SSBLCI 115405
goa_wp 6 2026 SSBUCI 560584
goa_wp 6 2026 SSBMedian 209767
goa_wp 6 2026 SSBMean 261010
goa_wp 6 2027 SSBF100 658221
goa_wp 6 2027 SSBFabc 263288
goa_wp 6 2027 SSBFofl 230377
goa_wp 6 2027 SSBLCI 117130
goa_wp 6 2027 SSBUCI 559543
goa_wp 6 2027 SSBMedian 211947
goa_wp 6 2027 SSBMean 260358
goa_wp 6 2028 SSBF100 658221
goa_wp 6 2028 SSBFabc 263288
goa_wp 6 2028 SSBFofl 230377
goa_wp 6 2028 SSBLCI 117575
goa_wp 6 2028 SSBUCI 564527
goa_wp 6 2028 SSBMedian 215253
goa_wp 6 2028 SSBMean 258526
goa_wp 6 2029 SSBF100 658221
goa_wp 6 2029 SSBFabc 263288
goa_wp 6 2029 SSBFofl 230377
goa_wp 6 2029 SSBLCI 118316
goa_wp 6 2029 SSBUCI 531728
goa_wp 6 2029 SSBMedian 216528
goa_wp 6 2029 SSBMean 255710
goa_wp 6 2016 F0 0 
goa_wp 6 2016 Fabc 0.26504
goa_wp 6 2016 Fofl 0.313047
goa_wp 6 2016  F_LCI 0.239832
goa_wp 6 2016  F_UCI 0.239832
goa_wp 6 2016  F_Median 0.239832
goa_wp 6 2016  F_Mean 0.239832
goa_wp 6 2017 F0 0 
goa_wp 6 2017 Fabc 0.26504
goa_wp 6 2017 Fofl 0.313047
goa_wp 6 2017  F_LCI 0.313047
goa_wp 6 2017  F_UCI 0.313047
goa_wp 6 2017  F_Median 0.313047
goa_wp 6 2017  F_Mean 0.313047
goa_wp 6 2018 F0 0 
goa_wp 6 2018 Fabc 0.26504
goa_wp 6 2018 Fofl 0.313047
goa_wp 6 2018  F_LCI 0.313047
goa_wp 6 2018  F_UCI 0.313047
goa_wp 6 2018  F_Median 0.313047
goa_wp 6 2018  F_Mean 0.313047
goa_wp 6 2019 F0 0 
goa_wp 6 2019 Fabc 0.26504
goa_wp 6 2019 Fofl 0.313047
goa_wp 6 2019  F_LCI 0.289812
goa_wp 6 2019  F_UCI 0.313047
goa_wp 6 2019  F_Median 0.292837
goa_wp 6 2019  F_Mean 0.295344
goa_wp 6 2020 F0 0 
goa_wp 6 2020 Fabc 0.26504
goa_wp 6 2020 Fofl 0.313047
goa_wp 6 2020  F_LCI 0.193709
goa_wp 6 2020  F_UCI 0.313047
goa_wp 6 2020  F_Median 0.210271
goa_wp 6 2020  F_Mean 0.222984
goa_wp 6 2021 F0 0 
goa_wp 6 2021 Fabc 0.26504
goa_wp 6 2021 Fofl 0.313047
goa_wp 6 2021  F_LCI 0.144127
goa_wp 6 2021  F_UCI 0.313047
goa_wp 6 2021  F_Median 0.191627
goa_wp 6 2021  F_Mean 0.208638
goa_wp 6 2022 F0 0 
goa_wp 6 2022 Fabc 0.26504
goa_wp 6 2022 Fofl 0.313047
goa_wp 6 2022  F_LCI 0.128663
goa_wp 6 2022  F_UCI 0.313047
goa_wp 6 2022  F_Median 0.212344
goa_wp 6 2022  F_Mean 0.221889
goa_wp 6 2023 F0 0 
goa_wp 6 2023 Fabc 0.26504
goa_wp 6 2023 Fofl 0.313047
goa_wp 6 2023  F_LCI 0.12766
goa_wp 6 2023  F_UCI 0.313047
goa_wp 6 2023  F_Median 0.235733
goa_wp 6 2023  F_Mean 0.234508
goa_wp 6 2024 F0 0 
goa_wp 6 2024 Fabc 0.26504
goa_wp 6 2024 Fofl 0.313047
goa_wp 6 2024  F_LCI 0.12591
goa_wp 6 2024  F_UCI 0.313047
goa_wp 6 2024  F_Median 0.249196
goa_wp 6 2024  F_Mean 0.241057
goa_wp 6 2025 F0 0 
goa_wp 6 2025 Fabc 0.26504
goa_wp 6 2025 Fofl 0.313047
goa_wp 6 2025  F_LCI 0.125694
goa_wp 6 2025  F_UCI 0.313047
goa_wp 6 2025  F_Median 0.251505
goa_wp 6 2025  F_Mean 0.242507
goa_wp 6 2026 F0 0 
goa_wp 6 2026 Fabc 0.26504
goa_wp 6 2026 Fofl 0.313047
goa_wp 6 2026  F_LCI 0.127959
goa_wp 6 2026  F_UCI 0.313047
goa_wp 6 2026  F_Median 0.246059
goa_wp 6 2026  F_Mean 0.243361
goa_wp 6 2027 F0 0 
goa_wp 6 2027 Fabc 0.26504
goa_wp 6 2027 Fofl 0.313047
goa_wp 6 2027  F_LCI 0.130118
goa_wp 6 2027  F_UCI 0.313047
goa_wp 6 2027  F_Median 0.248788
goa_wp 6 2027  F_Mean 0.243552
goa_wp 6 2028 F0 0 
goa_wp 6 2028 Fabc 0.26504
goa_wp 6 2028 Fofl 0.313047
goa_wp 6 2028  F_LCI 0.130675
goa_wp 6 2028  F_UCI 0.313047
goa_wp 6 2028  F_Median 0.252927
goa_wp 6 2028  F_Mean 0.243988
goa_wp 6 2029 F0 0 
goa_wp 6 2029 Fabc 0.26504
goa_wp 6 2029 Fofl 0.313047
goa_wp 6 2029  F_LCI 0.131603
goa_wp 6 2029  F_UCI 0.313047
goa_wp 6 2029  F_Median 0.254522
goa_wp 6 2029  F_Mean 0.243752
goa_wp 7 2016 Cabc 135281
goa_wp 7 2016 Cofl 146281
goa_wp 7 2016 CLCI 177129
goa_wp 7 2016 CUCI 177129
goa_wp 7 2016 CMedian 177129
goa_wp 7 2016 CMean 177129
goa_wp 7 2016 CStdn 1.19326e-09
goa_wp 7 2017 Cabc 135281
goa_wp 7 2017 Cofl 146281
goa_wp 7 2017 CLCI 176710
goa_wp 7 2017 CUCI 177229
goa_wp 7 2017 CMedian 176758
goa_wp 7 2017 CMean 176831
goa_wp 7 2017 CStdn 203.765
goa_wp 7 2018 Cabc 135281
goa_wp 7 2018 Cofl 146281
goa_wp 7 2018 CLCI 122563
goa_wp 7 2018 CUCI 134023
goa_wp 7 2018 CMedian 123668
goa_wp 7 2018 CMean 125264
goa_wp 7 2018 CStdn 4478
goa_wp 7 2019 Cabc 135281
goa_wp 7 2019 Cofl 146281
goa_wp 7 2019 CLCI 99635.4
goa_wp 7 2019 CUCI 183504
goa_wp 7 2019 CMedian 109563
goa_wp 7 2019 CMean 120891
goa_wp 7 2019 CStdn 32847.9
goa_wp 7 2020 Cabc 135281
goa_wp 7 2020 Cofl 146281
goa_wp 7 2020 CLCI 45752.6
goa_wp 7 2020 CUCI 226054
goa_wp 7 2020 CMedian 68420.2
goa_wp 7 2020 CMean 93059.7
goa_wp 7 2020 CStdn 67895.4
goa_wp 7 2021 Cabc 135281
goa_wp 7 2021 Cofl 146281
goa_wp 7 2021 CLCI 27613.9
goa_wp 7 2021 CUCI 284566
goa_wp 7 2021 CMedian 64730.4
goa_wp 7 2021 CMean 99046.7
goa_wp 7 2021 CStdn 90467.4
goa_wp 7 2022 Cabc 135281
goa_wp 7 2022 Cofl 146281
goa_wp 7 2022 CLCI 19431.6
goa_wp 7 2022 CUCI 324367
goa_wp 7 2022 CMedian 74717.3
goa_wp 7 2022 CMean 109661
goa_wp 7 2022 CStdn 102215
goa_wp 7 2023 Cabc 135281
goa_wp 7 2023 Cofl 146281
goa_wp 7 2023 CLCI 20867.7
goa_wp 7 2023 CUCI 345297
goa_wp 7 2023 CMedian 90530.9
goa_wp 7 2023 CMean 128016
goa_wp 7 2023 CStdn 111684
goa_wp 7 2024 Cabc 135281
goa_wp 7 2024 Cofl 146281
goa_wp 7 2024 CLCI 22661.5
goa_wp 7 2024 CUCI 355030
goa_wp 7 2024 CMedian 100793
goa_wp 7 2024 CMean 138192
goa_wp 7 2024 CStdn 117162
goa_wp 7 2025 Cabc 135281
goa_wp 7 2025 Cofl 146281
goa_wp 7 2025 CLCI 25868.9
goa_wp 7 2025 CUCI 365895
goa_wp 7 2025 CMedian 102729
goa_wp 7 2025 CMean 141155
goa_wp 7 2025 CStdn 117470
goa_wp 7 2026 Cabc 135281
goa_wp 7 2026 Cofl 146281
goa_wp 7 2026 CLCI 25024.9
goa_wp 7 2026 CUCI 372962
goa_wp 7 2026 CMedian 103083
goa_wp 7 2026 CMean 140331
goa_wp 7 2026 CStdn 116434
goa_wp 7 2027 Cabc 135281
goa_wp 7 2027 Cofl 146281
goa_wp 7 2027 CLCI 25887.4
goa_wp 7 2027 CUCI 363961
goa_wp 7 2027 CMedian 102922
goa_wp 7 2027 CMean 138642
goa_wp 7 2027 CStdn 115976
goa_wp 7 2028 Cabc 135281
goa_wp 7 2028 Cofl 146281
goa_wp 7 2028 CLCI 25653.8
goa_wp 7 2028 CUCI 348758
goa_wp 7 2028 CMedian 105583
goa_wp 7 2028 CMean 135778
goa_wp 7 2028 CStdn 114148
goa_wp 7 2029 Cabc 135281
goa_wp 7 2029 Cofl 146281
goa_wp 7 2029 CLCI 25615
goa_wp 7 2029 CUCI 352884
goa_wp 7 2029 CMedian 101108
goa_wp 7 2029 CMean 134556
goa_wp 7 2029 CStdn 113578
goa_wp 7 2016 SSBF100 658221
goa_wp 7 2016 SSBFabc 263288
goa_wp 7 2016 SSBFofl 230377
goa_wp 7 2016 SSBLCI 354537
goa_wp 7 2016 SSBUCI 354537
goa_wp 7 2016 SSBMedian 354537
goa_wp 7 2016 SSBMean 354537
goa_wp 7 2017 SSBF100 658221
goa_wp 7 2017 SSBFabc 263288
goa_wp 7 2017 SSBFofl 230377
goa_wp 7 2017 SSBLCI 397851
goa_wp 7 2017 SSBUCI 397853
goa_wp 7 2017 SSBMedian 397851
goa_wp 7 2017 SSBMean 397851
goa_wp 7 2018 SSBF100 658221
goa_wp 7 2018 SSBFabc 263288
goa_wp 7 2018 SSBFofl 230377
goa_wp 7 2018 SSBLCI 367123
goa_wp 7 2018 SSBUCI 370520
goa_wp 7 2018 SSBMedian 367438
goa_wp 7 2018 SSBMean 367911
goa_wp 7 2019 SSBF100 658221
goa_wp 7 2019 SSBFabc 263288
goa_wp 7 2019 SSBFofl 230377
goa_wp 7 2019 SSBLCI 264260
goa_wp 7 2019 SSBUCI 285750
goa_wp 7 2019 SSBMedian 266808
goa_wp 7 2019 SSBMean 269705
goa_wp 7 2020 SSBF100 658221
goa_wp 7 2020 SSBFabc 263288
goa_wp 7 2020 SSBFofl 230377
goa_wp 7 2020 SSBLCI 177808
goa_wp 7 2020 SSBUCI 287258
goa_wp 7 2020 SSBMedian 191347
goa_wp 7 2020 SSBMean 205797
goa_wp 7 2021 SSBF100 658221
goa_wp 7 2021 SSBFabc 263288
goa_wp 7 2021 SSBFofl 230377
goa_wp 7 2021 SSBLCI 133962
goa_wp 7 2021 SSBUCI 374702
goa_wp 7 2021 SSBMedian 171704
goa_wp 7 2021 SSBMean 199747
goa_wp 7 2022 SSBF100 658221
goa_wp 7 2022 SSBFabc 263288
goa_wp 7 2022 SSBFofl 230377
goa_wp 7 2022 SSBLCI 119430
goa_wp 7 2022 SSBUCI 451880
goa_wp 7 2022 SSBMedian 185788
goa_wp 7 2022 SSBMean 221182
goa_wp 7 2023 SSBF100 658221
goa_wp 7 2023 SSBFabc 263288
goa_wp 7 2023 SSBFofl 230377
goa_wp 7 2023 SSBLCI 117075
goa_wp 7 2023 SSBUCI 522171
goa_wp 7 2023 SSBMedian 202484
goa_wp 7 2023 SSBMean 241667
goa_wp 7 2024 SSBF100 658221
goa_wp 7 2024 SSBFabc 263288
goa_wp 7 2024 SSBFofl 230377
goa_wp 7 2024 SSBLCI 114838
goa_wp 7 2024 SSBUCI 540753
goa_wp 7 2024 SSBMedian 213103
goa_wp 7 2024 SSBMean 255972
goa_wp 7 2025 SSBF100 658221
goa_wp 7 2025 SSBFabc 263288
goa_wp 7 2025 SSBFofl 230377
goa_wp 7 2025 SSBLCI 114407
goa_wp 7 2025 SSBUCI 559427
goa_wp 7 2025 SSBMedian 214588
goa_wp 7 2025 SSBMean 260724
goa_wp 7 2026 SSBF100 658221
goa_wp 7 2026 SSBFabc 263288
goa_wp 7 2026 SSBFofl 230377
goa_wp 7 2026 SSBLCI 115647
goa_wp 7 2026 SSBUCI 560848
goa_wp 7 2026 SSBMedian 210171
goa_wp 7 2026 SSBMean 261289
goa_wp 7 2027 SSBF100 658221
goa_wp 7 2027 SSBFabc 263288
goa_wp 7 2027 SSBFofl 230377
goa_wp 7 2027 SSBLCI 117298
goa_wp 7 2027 SSBUCI 559720
goa_wp 7 2027 SSBMedian 212168
goa_wp 7 2027 SSBMean 260526
goa_wp 7 2028 SSBF100 658221
goa_wp 7 2028 SSBFabc 263288
goa_wp 7 2028 SSBFofl 230377
goa_wp 7 2028 SSBLCI 117671
goa_wp 7 2028 SSBUCI 564573
goa_wp 7 2028 SSBMedian 215321
goa_wp 7 2028 SSBMean 258627
goa_wp 7 2029 SSBF100 658221
goa_wp 7 2029 SSBFabc 263288
goa_wp 7 2029 SSBFofl 230377
goa_wp 7 2029 SSBLCI 118337
goa_wp 7 2029 SSBUCI 531839
goa_wp 7 2029 SSBMedian 216541
goa_wp 7 2029 SSBMean 255769
goa_wp 7 2016 F0 0 
goa_wp 7 2016 Fabc 0.26504
goa_wp 7 2016 Fofl 0.313047
goa_wp 7 2016  F_LCI 0.239832
goa_wp 7 2016  F_UCI 0.239832
goa_wp 7 2016  F_Median 0.239832
goa_wp 7 2016  F_Mean 0.239832
goa_wp 7 2017 F0 0 
goa_wp 7 2017 Fabc 0.26504
goa_wp 7 2017 Fofl 0.313047
goa_wp 7 2017  F_LCI 0.26504
goa_wp 7 2017  F_UCI 0.26504
goa_wp 7 2017  F_Median 0.26504
goa_wp 7 2017  F_Mean 0.26504
goa_wp 7 2018 F0 0 
goa_wp 7 2018 Fabc 0.26504
goa_wp 7 2018 Fofl 0.313047
goa_wp 7 2018  F_LCI 0.26504
goa_wp 7 2018  F_UCI 0.26504
goa_wp 7 2018  F_Median 0.26504
goa_wp 7 2018  F_Mean 0.26504
goa_wp 7 2019 F0 0 
goa_wp 7 2019 Fabc 0.26504
goa_wp 7 2019 Fofl 0.313047
goa_wp 7 2019  F_LCI 0.313047
goa_wp 7 2019  F_UCI 0.313047
goa_wp 7 2019  F_Median 0.313047
goa_wp 7 2019  F_Mean 0.313047
goa_wp 7 2020 F0 0 
goa_wp 7 2020 Fabc 0.26504
goa_wp 7 2020 Fofl 0.313047
goa_wp 7 2020  F_LCI 0.20606
goa_wp 7 2020  F_UCI 0.313047
goa_wp 7 2020  F_Median 0.223005
goa_wp 7 2020  F_Mean 0.235054
goa_wp 7 2021 F0 0 
goa_wp 7 2021 Fabc 0.26504
goa_wp 7 2021 Fofl 0.313047
goa_wp 7 2021  F_LCI 0.151184
goa_wp 7 2021  F_UCI 0.313047
goa_wp 7 2021  F_Median 0.19842
goa_wp 7 2021  F_Mean 0.214553
goa_wp 7 2022 F0 0 
goa_wp 7 2022 Fabc 0.26504
goa_wp 7 2022 Fofl 0.313047
goa_wp 7 2022  F_LCI 0.132999
goa_wp 7 2022  F_UCI 0.313047
goa_wp 7 2022  F_Median 0.216049
goa_wp 7 2022  F_Mean 0.224681
goa_wp 7 2023 F0 0 
goa_wp 7 2023 Fabc 0.26504
goa_wp 7 2023 Fofl 0.313047
goa_wp 7 2023  F_LCI 0.130051
goa_wp 7 2023  F_UCI 0.313047
goa_wp 7 2023  F_Median 0.236946
goa_wp 7 2023  F_Mean 0.235885
goa_wp 7 2024 F0 0 
goa_wp 7 2024 Fabc 0.26504
goa_wp 7 2024 Fofl 0.313047
goa_wp 7 2024  F_LCI 0.12725
goa_wp 7 2024  F_UCI 0.313047
goa_wp 7 2024  F_Median 0.250235
goa_wp 7 2024  F_Mean 0.241745
goa_wp 7 2025 F0 0 
goa_wp 7 2025 Fabc 0.26504
goa_wp 7 2025 Fofl 0.313047
goa_wp 7 2025  F_LCI 0.126711
goa_wp 7 2025  F_UCI 0.313047
goa_wp 7 2025  F_Median 0.252094
goa_wp 7 2025  F_Mean 0.24288
goa_wp 7 2026 F0 0 
goa_wp 7 2026 Fabc 0.26504
goa_wp 7 2026 Fofl 0.313047
goa_wp 7 2026  F_LCI 0.128262
goa_wp 7 2026  F_UCI 0.313047
goa_wp 7 2026  F_Median 0.246565
goa_wp 7 2026  F_Mean 0.243575
goa_wp 7 2027 F0 0 
goa_wp 7 2027 Fabc 0.26504
goa_wp 7 2027 Fofl 0.313047
goa_wp 7 2027  F_LCI 0.130329
goa_wp 7 2027  F_UCI 0.313047
goa_wp 7 2027  F_Median 0.249065
goa_wp 7 2027  F_Mean 0.243677
goa_wp 7 2028 F0 0 
goa_wp 7 2028 Fabc 0.26504
goa_wp 7 2028 Fofl 0.313047
goa_wp 7 2028  F_LCI 0.130796
goa_wp 7 2028  F_UCI 0.313047
goa_wp 7 2028  F_Median 0.253011
goa_wp 7 2028  F_Mean 0.244062
goa_wp 7 2029 F0 0 
goa_wp 7 2029 Fabc 0.26504
goa_wp 7 2029 Fofl 0.313047
goa_wp 7 2029  F_LCI 0.131629
goa_wp 7 2029  F_UCI 0.313047
goa_wp 7 2029  F_Median 0.254539
goa_wp 7 2029  F_Mean 0.243795
